{"meta": {"format": 3, "version": "7.15.2", "timestamp": "2026-07-21T12:27:31.036081", "branch_coverage": false, "show_contexts": false}, "files": {"src/bound/__init__.py": {"executed_lines": [39, 40, 54, 58, 59, 69, 78, 84, 85, 118, 125, 144, 158, 164, 182, 307], "summary": {"covered_lines": 16, "num_statements": 16, "percent_covered": 100.0, "percent_covered_display": "100", "missing_lines": 0, "excluded_lines": 0, "percent_statements_covered": 100.0, "percent_statements_covered_display": "100"}, "missing_lines": [], "excluded_lines": [], "functions": {"": {"executed_lines": [39, 40, 54, 58, 59, 69, 78, 84, 85, 118, 125, 144, 158, 164, 182, 307], "summary": {"covered_lines": 16, "num_statements": 16, "percent_covered": 100.0, "percent_covered_display": "100", "missing_lines": 0, "excluded_lines": 0, "percent_statements_covered": 100.0, "percent_statements_covered_display": "100"}, "missing_lines": [], "excluded_lines": [], "start_line": 1}}, "classes": {"": {"executed_lines": [39, 40, 54, 58, 59, 69, 78, 84, 85, 118, 125, 144, 158, 164, 182, 307], "summary": {"covered_lines": 16, "num_statements": 16, "percent_covered": 100.0, "percent_covered_display": "100", "missing_lines": 0, "excluded_lines": 0, "percent_statements_covered": 100.0, "percent_statements_covered_display": "100"}, "missing_lines": [], "excluded_lines": [], "start_line": 1}}}, "src/bound/bound_workflow.py": {"executed_lines": [1, 3, 5, 6, 7, 8, 9, 10, 16, 41, 79, 80, 88, 89, 93, 94, 98, 139], "summary": {"covered_lines": 18, "num_statements": 37, "percent_covered": 48.648648648648646, "percent_covered_display": "49", "missing_lines": 19, "excluded_lines": 2, "percent_statements_covered": 48.648648648648646, "percent_statements_covered_display": "49"}, "missing_lines": [75, 76, 77, 86, 91, 96, 127, 128, 133, 218, 219, 220, 221, 231, 244, 245, 246, 248, 256], "excluded_lines": [12, 13], "functions": {"BoundWorkflow.__init__": {"executed_lines": [], "summary": {"covered_lines": 0, "num_statements": 3, "percent_covered": 0.0, "percent_covered_display": "0", "missing_lines": 3, "excluded_lines": 0, "percent_statements_covered": 0.0, "percent_statements_covered_display": "0"}, "missing_lines": [75, 76, 77], "excluded_lines": [], "start_line": 41}, "BoundWorkflow.contract_generator": {"executed_lines": [], "summary": {"covered_lines": 0, "num_statements": 1, "percent_covered": 0.0, "percent_covered_display": "0", "missing_lines": 1, "excluded_lines": 0, "percent_statements_covered": 0.0, "percent_statements_covered_display": "0"}, "missing_lines": [86], "excluded_lines": [], "start_line": 80}, "BoundWorkflow.evaluator": {"executed_lines": [], "summary": {"covered_lines": 0, "num_statements": 1, "percent_covered": 0.0, "percent_covered_display": "0", "missing_lines": 1, "excluded_lines": 0, "percent_statements_covered": 0.0, "percent_statements_covered_display": "0"}, "missing_lines": [91], "excluded_lines": [], "start_line": 89}, "BoundWorkflow.policy": {"executed_lines": [], "summary": {"covered_lines": 0, "num_statements": 1, "percent_covered": 0.0, "percent_covered_display": "0", "missing_lines": 1, "excluded_lines": 0, "percent_statements_covered": 0.0, "percent_statements_covered_display": "0"}, "missing_lines": [96], "excluded_lines": [], "start_line": 94}, "BoundWorkflow.prepare": {"executed_lines": [], "summary": {"covered_lines": 0, "num_statements": 3, "percent_covered": 0.0, "percent_covered_display": "0", "missing_lines": 3, "excluded_lines": 0, "percent_statements_covered": 0.0, "percent_statements_covered_display": "0"}, "missing_lines": [127, 128, 133], "excluded_lines": [], "start_line": 98}, "BoundWorkflow.evaluate_step": {"executed_lines": [], "summary": {"covered_lines": 0, "num_statements": 10, "percent_covered": 0.0, "percent_covered_display": "0", "missing_lines": 10, "excluded_lines": 0, "percent_statements_covered": 0.0, "percent_statements_covered_display": "0"}, "missing_lines": [218, 219, 220, 221, 231, 244, 245, 246, 248, 256], "excluded_lines": [], "start_line": 139}, "": {"executed_lines": [1, 3, 5, 6, 7, 8, 9, 10, 16, 41, 79, 80, 88, 89, 93, 94, 98, 139], "summary": {"covered_lines": 18, "num_statements": 18, "percent_covered": 100.0, "percent_covered_display": "100", "missing_lines": 0, "excluded_lines": 2, "percent_statements_covered": 100.0, "percent_statements_covered_display": "100"}, "missing_lines": [], "excluded_lines": [12, 13], "start_line": 1}}, "classes": {"BoundWorkflow": {"executed_lines": [], "summary": {"covered_lines": 0, "num_statements": 19, "percent_covered": 0.0, "percent_covered_display": "0", "missing_lines": 19, "excluded_lines": 0, "percent_statements_covered": 0.0, "percent_statements_covered_display": "0"}, "missing_lines": [75, 76, 77, 86, 91, 96, 127, 128, 133, 218, 219, 220, 221, 231, 244, 245, 246, 248, 256], "excluded_lines": [], "start_line": 16}, "": {"executed_lines": [1, 3, 5, 6, 7, 8, 9, 10, 16, 41, 79, 80, 88, 89, 93, 94, 98, 139], "summary": {"covered_lines": 18, "num_statements": 18, "percent_covered": 100.0, "percent_covered_display": "100", "missing_lines": 0, "excluded_lines": 2, "percent_statements_covered": 100.0, "percent_statements_covered_display": "100"}, "missing_lines": [], "excluded_lines": [12, 13], "start_line": 1}}}, "src/bound/calculator.py": {"executed_lines": [1, 3, 5, 8, 27, 29, 30, 31, 32, 33, 36, 71], "summary": {"covered_lines": 12, "num_statements": 21, "percent_covered": 57.142857142857146, "percent_covered_display": "57", "missing_lines": 9, "excluded_lines": 0, "percent_statements_covered": 57.142857142857146, "percent_statements_covered_display": "57"}, "missing_lines": [62, 63, 99, 100, 101, 102, 103, 104, 105], "excluded_lines": [], "functions": {"calculate_bound_score": {"executed_lines": [], "summary": {"covered_lines": 0, "num_statements": 2, "percent_covered": 0.0, "percent_covered_display": "0", "missing_lines": 2, "excluded_lines": 0, "percent_statements_covered": 0.0, "percent_statements_covered_display": "0"}, "missing_lines": [62, 63], "excluded_lines": [], "start_line": 36}, "calculate_components": {"executed_lines": [], "summary": {"covered_lines": 0, "num_statements": 7, "percent_covered": 0.0, "percent_covered_display": "0", "missing_lines": 7, "excluded_lines": 0, "percent_statements_covered": 0.0, "percent_statements_covered_display": "0"}, "missing_lines": [99, 100, 101, 102, 103, 104, 105], "excluded_lines": [], "start_line": 71}, "": {"executed_lines": [1, 3, 5, 8, 27, 29, 30, 31, 32, 33, 36, 71], "summary": {"covered_lines": 12, "num_statements": 12, "percent_covered": 100.0, "percent_covered_display": "100", "missing_lines": 0, "excluded_lines": 0, "percent_statements_covered": 100.0, "percent_statements_covered_display": "100"}, "missing_lines": [], "excluded_lines": [], "start_line": 1}}, "classes": {"ScoreComponents": {"executed_lines": [], "summary": {"covered_lines": 0, "num_statements": 0, "percent_covered": 100.0, "percent_covered_display": "100", "missing_lines": 0, "excluded_lines": 0, "percent_statements_covered": 100.0, "percent_statements_covered_display": "100"}, "missing_lines": [], "excluded_lines": [], "start_line": 8}, "": {"executed_lines": [1, 3, 5, 8, 27, 29, 30, 31, 32, 33, 36, 71], "summary": {"covered_lines": 12, "num_statements": 21, "percent_covered": 57.142857142857146, "percent_covered_display": "57", "missing_lines": 9, "excluded_lines": 0, "percent_statements_covered": 57.142857142857146, "percent_statements_covered_display": "57"}, "missing_lines": [62, 63, 99, 100, 101, 102, 103, 104, 105], "excluded_lines": [], "start_line": 1}}}, "src/bound/collectors.py": {"executed_lines": [1, 3, 5, 7, 23, 30, 40, 69, 71, 72, 73, 74, 75, 76, 78, 79, 91, 101, 129, 130, 131, 132, 140, 141, 142, 143, 146, 163, 164, 165, 166, 167, 168, 169, 170, 198, 200, 201, 202, 204, 205, 223, 225, 246, 248, 284, 285, 286, 290, 291, 292, 293, 296, 301, 329, 331, 332, 334, 335, 349, 353, 368], "summary": {"covered_lines": 62, "num_statements": 63, "percent_covered": 98.41269841269842, "percent_covered_display": "98", "missing_lines": 1, "excluded_lines": 0, "percent_statements_covered": 98.41269841269842, "percent_statements_covered_display": "98"}, "missing_lines": [287], "excluded_lines": [], "functions": {"PytestSummary.executed_test_count": {"executed_lines": [91], "summary": {"covered_lines": 1, "num_statements": 1, "percent_covered": 100.0, "percent_covered_display": "100", "missing_lines": 0, "excluded_lines": 0, "percent_statements_covered": 100.0, "percent_statements_covered_display": "100"}, "missing_lines": [], "excluded_lines": [], "start_line": 79}, "parse_pytest_summary": {"executed_lines": [129, 130, 131, 132, 140, 141, 142, 143], "summary": {"covered_lines": 8, "num_statements": 8, "percent_covered": 100.0, "percent_covered_display": "100", "missing_lines": 0, "excluded_lines": 0, "percent_statements_covered": 100.0, "percent_statements_covered_display": "100"}, "missing_lines": [], "excluded_lines": [], "start_line": 101}, "_last_summary_line": {"executed_lines": [163, 164, 165, 166, 167, 168, 169], "summary": {"covered_lines": 7, "num_statements": 7, "percent_covered": 100.0, "percent_covered_display": "100", "missing_lines": 0, "excluded_lines": 0, "percent_statements_covered": 100.0, "percent_statements_covered_display": "100"}, "missing_lines": [], "excluded_lines": [], "start_line": 146}, "GitInspection.command_failed": {"executed_lines": [223], "summary": {"covered_lines": 1, "num_statements": 1, "percent_covered": 100.0, "percent_covered_display": "100", "missing_lines": 0, "excluded_lines": 0, "percent_statements_covered": 100.0, "percent_statements_covered_display": "100"}, "missing_lines": [], "excluded_lines": [], "start_line": 205}, "GitInspection.is_clean_proven": {"executed_lines": [246], "summary": {"covered_lines": 1, "num_statements": 1, "percent_covered": 100.0, "percent_covered_display": "100", "missing_lines": 0, "excluded_lines": 0, "percent_statements_covered": 100.0, "percent_statements_covered_display": "100"}, "missing_lines": [], "excluded_lines": [], "start_line": 225}, "parse_git_status_porcelain": {"executed_lines": [284, 285, 286, 290, 291, 292, 293, 296], "summary": {"covered_lines": 8, "num_statements": 9, "percent_covered": 88.88888888888889, "percent_covered_display": "89", "missing_lines": 1, "excluded_lines": 0, "percent_statements_covered": 88.88888888888889, "percent_statements_covered_display": "89"}, "missing_lines": [287], "excluded_lines": [], "start_line": 248}, "ServiceTestEvidence.passed": {"executed_lines": [349], "summary": {"covered_lines": 1, "num_statements": 1, "percent_covered": 100.0, "percent_covered_display": "100", "missing_lines": 0, "excluded_lines": 0, "percent_statements_covered": 100.0, "percent_statements_covered_display": "100"}, "missing_lines": [], "excluded_lines": [], "start_line": 335}, "_path_allowed": {"executed_lines": [368], "summary": {"covered_lines": 1, "num_statements": 1, "percent_covered": 100.0, "percent_covered_display": "100", "missing_lines": 0, "excluded_lines": 0, "percent_statements_covered": 100.0, "percent_statements_covered_display": "100"}, "missing_lines": [], "excluded_lines": [], "start_line": 353}, "": {"executed_lines": [1, 3, 5, 7, 23, 30, 40, 69, 71, 72, 73, 74, 75, 76, 78, 79, 101, 146, 170, 198, 200, 201, 202, 204, 205, 225, 248, 301, 329, 331, 332, 334, 335, 353], "summary": {"covered_lines": 34, "num_statements": 34, "percent_covered": 100.0, "percent_covered_display": "100", "missing_lines": 0, "excluded_lines": 0, "percent_statements_covered": 100.0, "percent_statements_covered_display": "100"}, "missing_lines": [], "excluded_lines": [], "start_line": 1}}, "classes": {"PytestSummary": {"executed_lines": [91], "summary": {"covered_lines": 1, "num_statements": 1, "percent_covered": 100.0, "percent_covered_display": "100", "missing_lines": 0, "excluded_lines": 0, "percent_statements_covered": 100.0, "percent_statements_covered_display": "100"}, "missing_lines": [], "excluded_lines": [], "start_line": 40}, "GitInspection": {"executed_lines": [223, 246], "summary": {"covered_lines": 2, "num_statements": 2, "percent_covered": 100.0, "percent_covered_display": "100", "missing_lines": 0, "excluded_lines": 0, "percent_statements_covered": 100.0, "percent_statements_covered_display": "100"}, "missing_lines": [], "excluded_lines": [], "start_line": 170}, "ServiceTestEvidence": {"executed_lines": [349], "summary": {"covered_lines": 1, "num_statements": 1, "percent_covered": 100.0, "percent_covered_display": "100", "missing_lines": 0, "excluded_lines": 0, "percent_statements_covered": 100.0, "percent_statements_covered_display": "100"}, "missing_lines": [], "excluded_lines": [], "start_line": 301}, "": {"executed_lines": [1, 3, 5, 7, 23, 30, 40, 69, 71, 72, 73, 74, 75, 76, 78, 79, 101, 129, 130, 131, 132, 140, 141, 142, 143, 146, 163, 164, 165, 166, 167, 168, 169, 170, 198, 200, 201, 202, 204, 205, 225, 248, 284, 285, 286, 290, 291, 292, 293, 296, 301, 329, 331, 332, 334, 335, 353, 368], "summary": {"covered_lines": 58, "num_statements": 59, "percent_covered": 98.30508474576271, "percent_covered_display": "98", "missing_lines": 1, "excluded_lines": 0, "percent_statements_covered": 98.30508474576271, "percent_statements_covered_display": "98"}, "missing_lines": [287], "excluded_lines": [], "start_line": 1}}}, "src/bound/command_collector.py": {"executed_lines": [1, 3, 4, 5, 6, 7, 8, 9, 10, 11, 12, 14, 16, 21, 29, 49, 50, 57, 62, 66, 71, 87, 90, 104, 107, 121, 123, 124, 125, 126, 129, 131, 134, 136, 140, 175, 195, 215, 217, 218, 219, 220, 221, 226, 262, 264, 265, 266, 267, 268, 269, 270, 271, 272, 273, 274, 275, 276, 277, 278, 283, 296, 320, 321, 324, 325, 326, 328, 329, 331, 334, 368, 369, 373, 374, 375, 376, 381, 390, 392, 393, 394, 395, 396, 398, 399, 400, 407, 408, 409, 410, 411, 412, 413, 414, 415, 416, 417, 424, 426, 441, 479, 480, 481, 482, 483, 484, 485, 511, 522, 524, 539, 540, 541, 543, 562, 563, 580, 583, 597, 598, 601, 602, 605, 616, 621, 622, 635, 636, 643, 644, 655, 656, 657, 671, 682, 684, 701, 702, 703, 705, 722, 723, 724, 726, 727, 737, 738, 750, 751, 764, 765, 774, 796, 797, 798, 812, 813, 814, 829, 830, 831, 832, 843, 849, 850, 852, 853, 854, 858, 859, 860, 861, 863, 868, 869, 881, 882, 883, 898, 910, 912, 930, 931, 932, 933, 935, 952, 953, 969, 972, 986, 987, 990, 991, 994, 1006, 1007, 1008, 1022, 1027, 1028, 1029, 1030, 1035, 1049, 1064, 1066, 1067, 1068, 1069, 1072, 1085, 1087, 1093, 1095, 1120, 1122, 1123, 1134, 1144, 1153, 1155, 1161, 1163, 1179, 1180, 1181, 1183, 1184, 1187, 1201, 1202, 1203, 1217, 1236], "summary": {"covered_lines": 236, "num_statements": 249, "percent_covered": 94.77911646586345, "percent_covered_display": "95", "missing_lines": 13, "excluded_lines": 9, "percent_statements_covered": 94.77911646586345, "percent_statements_covered_display": "95"}, "missing_lines": [122, 418, 419, 420, 623, 624, 739, 740, 801, 802, 851, 855, 856], "excluded_lines": [51, 52, 421, 422, 423, 570, 571, 959, 960], "functions": {"default_redactor": {"executed_lines": [87], "summary": {"covered_lines": 1, "num_statements": 1, "percent_covered": 100.0, "percent_covered_display": "100", "missing_lines": 0, "excluded_lines": 0, "percent_statements_covered": 100.0, "percent_statements_covered_display": "100"}, "missing_lines": [], "excluded_lines": [], "start_line": 71}, "sha256_hex": {"executed_lines": [104], "summary": {"covered_lines": 1, "num_statements": 1, "percent_covered": 100.0, "percent_covered_display": "100", "missing_lines": 0, "excluded_lines": 0, "percent_statements_covered": 100.0, "percent_statements_covered_display": "100"}, "missing_lines": [], "excluded_lines": [], "start_line": 90}, "_truncate_text": {"executed_lines": [121, 123, 124, 125, 126], "summary": {"covered_lines": 5, "num_statements": 6, "percent_covered": 83.33333333333333, "percent_covered_display": "83", "missing_lines": 1, "excluded_lines": 0, "percent_statements_covered": 83.33333333333333, "percent_statements_covered_display": "83"}, "missing_lines": [122], "excluded_lines": [], "start_line": 107}, "_now_utc": {"executed_lines": [131], "summary": {"covered_lines": 1, "num_statements": 1, "percent_covered": 100.0, "percent_covered_display": "100", "missing_lines": 0, "excluded_lines": 0, "percent_statements_covered": 100.0, "percent_statements_covered_display": "100"}, "missing_lines": [], "excluded_lines": [], "start_line": 129}, "_command_source": {"executed_lines": [136], "summary": {"covered_lines": 1, "num_statements": 1, "percent_covered": 100.0, "percent_covered_display": "100", "missing_lines": 0, "excluded_lines": 0, "percent_statements_covered": 100.0, "percent_statements_covered_display": "100"}, "missing_lines": [], "excluded_lines": [], "start_line": 134}, "_bound_check": {"executed_lines": [175], "summary": {"covered_lines": 1, "num_statements": 1, "percent_covered": 100.0, "percent_covered_display": "100", "missing_lines": 0, "excluded_lines": 0, "percent_statements_covered": 100.0, "percent_statements_covered_display": "100"}, "missing_lines": [], "excluded_lines": [], "start_line": 140}, "CommandCollector.__init__": {"executed_lines": [320, 321, 324, 325, 326], "summary": {"covered_lines": 5, "num_statements": 5, "percent_covered": 100.0, "percent_covered_display": "100", "missing_lines": 0, "excluded_lines": 0, "percent_statements_covered": 100.0, "percent_statements_covered_display": "100"}, "missing_lines": [], "excluded_lines": [], "start_line": 296}, "CommandCollector.known_commands": {"executed_lines": [331], "summary": {"covered_lines": 1, "num_statements": 1, "percent_covered": 100.0, "percent_covered_display": "100", "missing_lines": 0, "excluded_lines": 0, "percent_statements_covered": 100.0, "percent_statements_covered_display": "100"}, "missing_lines": [], "excluded_lines": [], "start_line": 329}, "CommandCollector.run": {"executed_lines": [368, 369, 373, 374, 375, 376, 381, 390, 392, 393, 394, 395, 396, 398, 399, 400, 407, 408, 409, 410, 411, 412, 413, 414, 415, 416, 417, 424, 426], "summary": {"covered_lines": 29, "num_statements": 32, "percent_covered": 90.625, "percent_covered_display": "91", "missing_lines": 3, "excluded_lines": 3, "percent_statements_covered": 90.625, "percent_statements_covered_display": "91"}, "missing_lines": [418, 419, 420], "excluded_lines": [421, 422, 423], "start_line": 334}, "CommandCollector._build_result": {"executed_lines": [479, 480, 481, 482, 483, 484, 485], "summary": {"covered_lines": 7, "num_statements": 7, "percent_covered": 100.0, "percent_covered_display": "100", "missing_lines": 0, "excluded_lines": 0, "percent_statements_covered": 100.0, "percent_statements_covered_display": "100"}, "missing_lines": [], "excluded_lines": [], "start_line": 441}, "PytestCollector.__init__": {"executed_lines": [539, 540, 541], "summary": {"covered_lines": 3, "num_statements": 3, "percent_covered": 100.0, "percent_covered_display": "100", "missing_lines": 0, "excluded_lines": 0, "percent_statements_covered": 100.0, "percent_statements_covered_display": "100"}, "missing_lines": [], "excluded_lines": [], "start_line": 524}, "PytestCollector.collect": {"executed_lines": [562, 563, 580], "summary": {"covered_lines": 3, "num_statements": 3, "percent_covered": 100.0, "percent_covered_display": "100", "missing_lines": 0, "excluded_lines": 2, "percent_statements_covered": 100.0, "percent_statements_covered_display": "100"}, "missing_lines": [], "excluded_lines": [570, 571], "start_line": 543}, "PytestCollector._evidence_from_result": {"executed_lines": [597, 598, 601, 602, 605, 616, 621, 622, 635, 636, 643, 644, 655, 656, 657], "summary": {"covered_lines": 15, "num_statements": 17, "percent_covered": 88.23529411764706, "percent_covered_display": "88", "missing_lines": 2, "excluded_lines": 0, "percent_statements_covered": 88.23529411764706, "percent_statements_covered_display": "88"}, "missing_lines": [623, 624], "excluded_lines": [], "start_line": 583}, "JUnitCollector.__init__": {"executed_lines": [701, 702, 703], "summary": {"covered_lines": 3, "num_statements": 3, "percent_covered": 100.0, "percent_covered_display": "100", "missing_lines": 0, "excluded_lines": 0, "percent_statements_covered": 100.0, "percent_statements_covered_display": "100"}, "missing_lines": [], "excluded_lines": [], "start_line": 684}, "JUnitCollector.collect": {"executed_lines": [722, 723, 724, 726, 727, 737, 738, 750, 751, 764, 765], "summary": {"covered_lines": 11, "num_statements": 13, "percent_covered": 84.61538461538461, "percent_covered_display": "85", "missing_lines": 2, "excluded_lines": 0, "percent_statements_covered": 84.61538461538461, "percent_statements_covered_display": "85"}, "missing_lines": [739, 740], "excluded_lines": [], "start_line": 705}, "JUnitCollector._finish": {"executed_lines": [796, 797, 798, 812, 813, 814, 829, 830, 831, 832, 843, 849, 858, 859, 860, 861, 863, 868, 869, 881, 882, 883], "summary": {"covered_lines": 22, "num_statements": 24, "percent_covered": 91.66666666666667, "percent_covered_display": "92", "missing_lines": 2, "excluded_lines": 0, "percent_statements_covered": 91.66666666666667, "percent_statements_covered_display": "92"}, "missing_lines": [801, 802], "excluded_lines": [], "start_line": 774}, "JUnitCollector._finish._attr_int": {"executed_lines": [850, 852, 853, 854], "summary": {"covered_lines": 4, "num_statements": 7, "percent_covered": 57.142857142857146, "percent_covered_display": "57", "missing_lines": 3, "excluded_lines": 0, "percent_statements_covered": 57.142857142857146, "percent_statements_covered_display": "57"}, "missing_lines": [851, 855, 856], "excluded_lines": [], "start_line": 849}, "GitCollector.__init__": {"executed_lines": [930, 931, 932, 933], "summary": {"covered_lines": 4, "num_statements": 4, "percent_covered": 100.0, "percent_covered_display": "100", "missing_lines": 0, "excluded_lines": 0, "percent_statements_covered": 100.0, "percent_statements_covered_display": "100"}, "missing_lines": [], "excluded_lines": [], "start_line": 912}, "GitCollector.collect": {"executed_lines": [952, 953, 969], "summary": {"covered_lines": 3, "num_statements": 3, "percent_covered": 100.0, "percent_covered_display": "100", "missing_lines": 0, "excluded_lines": 2, "percent_statements_covered": 100.0, "percent_statements_covered_display": "100"}, "missing_lines": [], "excluded_lines": [959, 960], "start_line": 935}, "GitCollector._evidence_from_result": {"executed_lines": [986, 987, 990, 991, 994, 1006, 1007, 1008, 1022, 1027, 1028, 1029, 1030, 1035], "summary": {"covered_lines": 14, "num_statements": 14, "percent_covered": 100.0, "percent_covered_display": "100", "missing_lines": 0, "excluded_lines": 0, "percent_statements_covered": 100.0, "percent_statements_covered_display": "100"}, "missing_lines": [], "excluded_lines": [], "start_line": 972}, "BudgetCollector.__init__": {"executed_lines": [1093], "summary": {"covered_lines": 1, "num_statements": 1, "percent_covered": 100.0, "percent_covered_display": "100", "missing_lines": 0, "excluded_lines": 0, "percent_statements_covered": 100.0, "percent_statements_covered_display": "100"}, "missing_lines": [], "excluded_lines": [], "start_line": 1087}, "BudgetCollector.metrics": {"executed_lines": [1120, 1122, 1134], "summary": {"covered_lines": 3, "num_statements": 3, "percent_covered": 100.0, "percent_covered_display": "100", "missing_lines": 0, "excluded_lines": 0, "percent_statements_covered": 100.0, "percent_statements_covered_display": "100"}, "missing_lines": [], "excluded_lines": [], "start_line": 1095}, "BudgetCollector.metrics._metric": {"executed_lines": [1123], "summary": {"covered_lines": 1, "num_statements": 1, "percent_covered": 100.0, "percent_covered_display": "100", "missing_lines": 0, "excluded_lines": 0, "percent_statements_covered": 100.0, "percent_statements_covered_display": "100"}, "missing_lines": [], "excluded_lines": [], "start_line": 1122}, "ProcessRuntimeCollector.__init__": {"executed_lines": [1161], "summary": {"covered_lines": 1, "num_statements": 1, "percent_covered": 100.0, "percent_covered_display": "100", "missing_lines": 0, "excluded_lines": 0, "percent_statements_covered": 100.0, "percent_statements_covered_display": "100"}, "missing_lines": [], "excluded_lines": [], "start_line": 1155}, "ProcessRuntimeCollector.collect": {"executed_lines": [1179, 1180, 1181, 1183, 1184, 1187, 1201, 1202, 1203], "summary": {"covered_lines": 9, "num_statements": 9, "percent_covered": 100.0, "percent_covered_display": "100", "missing_lines": 0, "excluded_lines": 0, "percent_statements_covered": 100.0, "percent_statements_covered_display": "100"}, "missing_lines": [], "excluded_lines": [], "start_line": 1163}, "ProcessRuntimeCollector.runtime_metric": {"executed_lines": [1236], "summary": {"covered_lines": 1, "num_statements": 1, "percent_covered": 100.0, "percent_covered_display": "100", "missing_lines": 0, "excluded_lines": 0, "percent_statements_covered": 100.0, "percent_statements_covered_display": "100"}, "missing_lines": [], "excluded_lines": [], "start_line": 1217}, "": {"executed_lines": [1, 3, 4, 5, 6, 7, 8, 9, 10, 11, 12, 14, 16, 21, 29, 49, 50, 57, 62, 66, 71, 90, 107, 129, 134, 140, 195, 215, 217, 218, 219, 220, 221, 226, 262, 264, 265, 266, 267, 268, 269, 270, 271, 272, 273, 274, 275, 276, 277, 278, 283, 296, 328, 329, 334, 441, 511, 522, 524, 543, 583, 671, 682, 684, 705, 774, 898, 910, 912, 935, 972, 1049, 1064, 1066, 1067, 1068, 1069, 1072, 1085, 1087, 1095, 1144, 1153, 1155, 1163, 1217], "summary": {"covered_lines": 86, "num_statements": 86, "percent_covered": 100.0, "percent_covered_display": "100", "missing_lines": 0, "excluded_lines": 2, "percent_statements_covered": 100.0, "percent_statements_covered_display": "100"}, "missing_lines": [], "excluded_lines": [51, 52], "start_line": 1}}, "classes": {"CommandSpec": {"executed_lines": [], "summary": {"covered_lines": 0, "num_statements": 0, "percent_covered": 100.0, "percent_covered_display": "100", "missing_lines": 0, "excluded_lines": 0, "percent_statements_covered": 100.0, "percent_statements_covered_display": "100"}, "missing_lines": [], "excluded_lines": [], "start_line": 195}, "CommandResult": {"executed_lines": [], "summary": {"covered_lines": 0, "num_statements": 0, "percent_covered": 100.0, "percent_covered_display": "100", "missing_lines": 0, "excluded_lines": 0, "percent_statements_covered": 100.0, "percent_statements_covered_display": "100"}, "missing_lines": [], "excluded_lines": [], "start_line": 226}, "CommandCollector": {"executed_lines": [320, 321, 324, 325, 326, 331, 368, 369, 373, 374, 375, 376, 381, 390, 392, 393, 394, 395, 396, 398, 399, 400, 407, 408, 409, 410, 411, 412, 413, 414, 415, 416, 417, 424, 426, 479, 480, 481, 482, 483, 484, 485], "summary": {"covered_lines": 42, "num_statements": 45, "percent_covered": 93.33333333333333, "percent_covered_display": "93", "missing_lines": 3, "excluded_lines": 3, "percent_statements_covered": 93.33333333333333, "percent_statements_covered_display": "93"}, "missing_lines": [418, 419, 420], "excluded_lines": [421, 422, 423], "start_line": 283}, "PytestCollector": {"executed_lines": [539, 540, 541, 562, 563, 580, 597, 598, 601, 602, 605, 616, 621, 622, 635, 636, 643, 644, 655, 656, 657], "summary": {"covered_lines": 21, "num_statements": 23, "percent_covered": 91.30434782608695, "percent_covered_display": "91", "missing_lines": 2, "excluded_lines": 2, "percent_statements_covered": 91.30434782608695, "percent_statements_covered_display": "91"}, "missing_lines": [623, 624], "excluded_lines": [570, 571], "start_line": 511}, "JUnitCollector": {"executed_lines": [701, 702, 703, 722, 723, 724, 726, 727, 737, 738, 750, 751, 764, 765, 796, 797, 798, 812, 813, 814, 829, 830, 831, 832, 843, 849, 850, 852, 853, 854, 858, 859, 860, 861, 863, 868, 869, 881, 882, 883], "summary": {"covered_lines": 40, "num_statements": 47, "percent_covered": 85.1063829787234, "percent_covered_display": "85", "missing_lines": 7, "excluded_lines": 0, "percent_statements_covered": 85.1063829787234, "percent_statements_covered_display": "85"}, "missing_lines": [739, 740, 801, 802, 851, 855, 856], "excluded_lines": [], "start_line": 671}, "GitCollector": {"executed_lines": [930, 931, 932, 933, 952, 953, 969, 986, 987, 990, 991, 994, 1006, 1007, 1008, 1022, 1027, 1028, 1029, 1030, 1035], "summary": {"covered_lines": 21, "num_statements": 21, "percent_covered": 100.0, "percent_covered_display": "100", "missing_lines": 0, "excluded_lines": 2, "percent_statements_covered": 100.0, "percent_statements_covered_display": "100"}, "missing_lines": [], "excluded_lines": [959, 960], "start_line": 898}, "BudgetMetrics": {"executed_lines": [], "summary": {"covered_lines": 0, "num_statements": 0, "percent_covered": 100.0, "percent_covered_display": "100", "missing_lines": 0, "excluded_lines": 0, "percent_statements_covered": 100.0, "percent_statements_covered_display": "100"}, "missing_lines": [], "excluded_lines": [], "start_line": 1049}, "BudgetCollector": {"executed_lines": [1093, 1120, 1122, 1123, 1134], "summary": {"covered_lines": 5, "num_statements": 5, "percent_covered": 100.0, "percent_covered_display": "100", "missing_lines": 0, "excluded_lines": 0, "percent_statements_covered": 100.0, "percent_statements_covered_display": "100"}, "missing_lines": [], "excluded_lines": [], "start_line": 1072}, "ProcessRuntimeCollector": {"executed_lines": [1161, 1179, 1180, 1181, 1183, 1184, 1187, 1201, 1202, 1203, 1236], "summary": {"covered_lines": 11, "num_statements": 11, "percent_covered": 100.0, "percent_covered_display": "100", "missing_lines": 0, "excluded_lines": 0, "percent_statements_covered": 100.0, "percent_statements_covered_display": "100"}, "missing_lines": [], "excluded_lines": [], "start_line": 1144}, "": {"executed_lines": [1, 3, 4, 5, 6, 7, 8, 9, 10, 11, 12, 14, 16, 21, 29, 49, 50, 57, 62, 66, 71, 87, 90, 104, 107, 121, 123, 124, 125, 126, 129, 131, 134, 136, 140, 175, 195, 215, 217, 218, 219, 220, 221, 226, 262, 264, 265, 266, 267, 268, 269, 270, 271, 272, 273, 274, 275, 276, 277, 278, 283, 296, 328, 329, 334, 441, 511, 522, 524, 543, 583, 671, 682, 684, 705, 774, 898, 910, 912, 935, 972, 1049, 1064, 1066, 1067, 1068, 1069, 1072, 1085, 1087, 1095, 1144, 1153, 1155, 1163, 1217], "summary": {"covered_lines": 96, "num_statements": 97, "percent_covered": 98.96907216494846, "percent_covered_display": "99", "missing_lines": 1, "excluded_lines": 2, "percent_statements_covered": 98.96907216494846, "percent_statements_covered_display": "99"}, "missing_lines": [122], "excluded_lines": [51, 52], "start_line": 1}}}, "src/bound/contract_evaluator.py": {"executed_lines": [1, 3, 4, 6, 12, 19, 20, 21, 41, 47, 55, 58, 78, 134, 157, 186, 195, 232, 240, 241, 265, 266, 267, 268, 288, 298, 306, 307, 328, 329, 330, 331, 332, 333, 334, 337, 338, 371, 372, 373, 374, 375, 376, 377, 378, 379, 380, 381, 383, 384, 399, 400, 405, 460, 490, 491, 495, 496, 506, 507, 517, 518, 530, 531, 544, 545, 553, 634, 758, 759, 795, 796, 823, 934, 1099, 1227, 1280, 1281, 1298, 1299, 1318, 1319, 1418, 1541, 1542, 1571, 1674, 1675, 1707, 1801, 1884, 1885], "summary": {"covered_lines": 92, "num_statements": 448, "percent_covered": 20.535714285714285, "percent_covered_display": "21", "missing_lines": 356, "excluded_lines": 2, "percent_statements_covered": 20.535714285714285, "percent_statements_covered_display": "21"}, "missing_lines": [73, 74, 75, 110, 111, 112, 113, 114, 115, 116, 117, 119, 120, 121, 126, 131, 152, 153, 154, 176, 177, 178, 211, 212, 213, 222, 392, 395, 396, 397, 402, 482, 483, 484, 485, 486, 487, 493, 504, 515, 528, 542, 551, 591, 592, 593, 594, 596, 600, 601, 602, 604, 611, 612, 617, 621, 622, 667, 668, 669, 671, 672, 673, 675, 677, 678, 690, 691, 693, 694, 695, 696, 697, 698, 699, 710, 711, 712, 713, 725, 726, 739, 740, 741, 754, 755, 775, 776, 777, 778, 813, 814, 815, 820, 821, 860, 861, 862, 864, 865, 866, 873, 874, 875, 876, 877, 878, 879, 880, 881, 882, 883, 884, 885, 886, 887, 888, 889, 890, 891, 892, 893, 894, 895, 896, 898, 899, 902, 904, 905, 907, 908, 920, 932, 971, 972, 973, 976, 978, 979, 980, 981, 990, 991, 992, 1003, 1017, 1018, 1019, 1030, 1042, 1043, 1052, 1053, 1063, 1073, 1074, 1075, 1084, 1096, 1138, 1139, 1140, 1153, 1155, 1159, 1160, 1162, 1167, 1168, 1170, 1175, 1176, 1178, 1183, 1184, 1186, 1187, 1201, 1202, 1203, 1216, 1224, 1241, 1242, 1243, 1259, 1296, 1312, 1353, 1355, 1356, 1363, 1364, 1371, 1372, 1374, 1375, 1376, 1383, 1390, 1391, 1397, 1398, 1404, 1405, 1411, 1454, 1455, 1456, 1457, 1458, 1459, 1461, 1462, 1463, 1464, 1465, 1466, 1467, 1469, 1476, 1477, 1478, 1479, 1480, 1481, 1482, 1483, 1485, 1486, 1487, 1488, 1489, 1491, 1492, 1493, 1501, 1503, 1504, 1505, 1513, 1515, 1516, 1517, 1518, 1519, 1520, 1522, 1524, 1525, 1530, 1561, 1562, 1563, 1564, 1565, 1566, 1567, 1568, 1569, 1599, 1600, 1602, 1603, 1609, 1612, 1618, 1619, 1626, 1627, 1629, 1630, 1635, 1642, 1643, 1651, 1654, 1658, 1663, 1672, 1695, 1696, 1697, 1698, 1699, 1700, 1701, 1702, 1704, 1705, 1731, 1732, 1733, 1735, 1736, 1737, 1738, 1739, 1743, 1744, 1745, 1746, 1747, 1748, 1749, 1751, 1752, 1753, 1758, 1759, 1760, 1761, 1765, 1766, 1767, 1768, 1773, 1774, 1775, 1779, 1790, 1791, 1792, 1794, 1799, 1826, 1827, 1828, 1829, 1830, 1831, 1833, 1834, 1835, 1837, 1838, 1839, 1840, 1841, 1842, 1843, 1844, 1846, 1847, 1848, 1849, 1850, 1851, 1852, 1853, 1855, 1861, 1864, 1866, 1905], "excluded_lines": [27, 28], "functions": {"_normalize_capped": {"executed_lines": [], "summary": {"covered_lines": 0, "num_statements": 3, "percent_covered": 0.0, "percent_covered_display": "0", "missing_lines": 3, "excluded_lines": 0, "percent_statements_covered": 0.0, "percent_statements_covered_display": "0"}, "missing_lines": [73, 74, 75], "excluded_lines": [], "start_line": 58}, "_budget_dimension": {"executed_lines": [], "summary": {"covered_lines": 0, "num_statements": 13, "percent_covered": 0.0, "percent_covered_display": "0", "missing_lines": 13, "excluded_lines": 0, "percent_statements_covered": 0.0, "percent_statements_covered_display": "0"}, "missing_lines": [110, 111, 112, 113, 114, 115, 116, 117, 119, 120, 121, 126, 131], "excluded_lines": [], "start_line": 78}, "_metric_value": {"executed_lines": [], "summary": {"covered_lines": 0, "num_statements": 3, "percent_covered": 0.0, "percent_covered_display": "0", "missing_lines": 3, "excluded_lines": 0, "percent_statements_covered": 0.0, "percent_statements_covered_display": "0"}, "missing_lines": [152, 153, 154], "excluded_lines": [], "start_line": 134}, "_metric_provenance": {"executed_lines": [], "summary": {"covered_lines": 0, "num_statements": 3, "percent_covered": 0.0, "percent_covered_display": "0", "missing_lines": 3, "excluded_lines": 0, "percent_statements_covered": 0.0, "percent_statements_covered_display": "0"}, "missing_lines": [176, 177, 178], "excluded_lines": [], "start_line": 157}, "_strongest_provenance": {"executed_lines": [], "summary": {"covered_lines": 0, "num_statements": 4, "percent_covered": 0.0, "percent_covered_display": "0", "missing_lines": 4, "excluded_lines": 0, "percent_statements_covered": 0.0, "percent_statements_covered_display": "0"}, "missing_lines": [211, 212, 213, 222], "excluded_lines": [], "start_line": 195}, "PolicyGateOutcome.forced_action": {"executed_lines": [], "summary": {"covered_lines": 0, "num_statements": 4, "percent_covered": 0.0, "percent_covered_display": "0", "missing_lines": 4, "excluded_lines": 0, "percent_statements_covered": 0.0, "percent_statements_covered_display": "0"}, "missing_lines": [392, 395, 396, 397], "excluded_lines": [], "start_line": 384}, "PolicyGateOutcome.forced_reasons": {"executed_lines": [], "summary": {"covered_lines": 0, "num_statements": 1, "percent_covered": 0.0, "percent_covered_display": "0", "missing_lines": 1, "excluded_lines": 0, "percent_statements_covered": 0.0, "percent_statements_covered_display": "0"}, "missing_lines": [402], "excluded_lines": [], "start_line": 400}, "ContractEvaluator.__init__": {"executed_lines": [], "summary": {"covered_lines": 0, "num_statements": 6, "percent_covered": 0.0, "percent_covered_display": "0", "missing_lines": 6, "excluded_lines": 0, "percent_statements_covered": 0.0, "percent_statements_covered_display": "0"}, "missing_lines": [482, 483, 484, 485, 486, 487], "excluded_lines": [], "start_line": 460}, "ContractEvaluator.influence": {"executed_lines": [], "summary": {"covered_lines": 0, "num_statements": 1, "percent_covered": 0.0, "percent_covered_display": "0", "missing_lines": 1, "excluded_lines": 0, "percent_statements_covered": 0.0, "percent_statements_covered_display": "0"}, "missing_lines": [493], "excluded_lines": [], "start_line": 491}, "ContractEvaluator.lineage_run": {"executed_lines": [], "summary": {"covered_lines": 0, "num_statements": 1, "percent_covered": 0.0, "percent_covered_display": "0", "missing_lines": 1, "excluded_lines": 0, "percent_statements_covered": 0.0, "percent_statements_covered_display": "0"}, "missing_lines": [504], "excluded_lines": [], "start_line": 496}, "ContractEvaluator.provenance": {"executed_lines": [], "summary": {"covered_lines": 0, "num_statements": 1, "percent_covered": 0.0, "percent_covered_display": "0", "missing_lines": 1, "excluded_lines": 0, "percent_statements_covered": 0.0, "percent_statements_covered_display": "0"}, "missing_lines": [515], "excluded_lines": [], "start_line": 507}, "ContractEvaluator.assurance_assessment": {"executed_lines": [], "summary": {"covered_lines": 0, "num_statements": 1, "percent_covered": 0.0, "percent_covered_display": "0", "missing_lines": 1, "excluded_lines": 0, "percent_statements_covered": 0.0, "percent_statements_covered_display": "0"}, "missing_lines": [528], "excluded_lines": [], "start_line": 518}, "ContractEvaluator.policy_gate": {"executed_lines": [], "summary": {"covered_lines": 0, "num_statements": 1, "percent_covered": 0.0, "percent_covered_display": "0", "missing_lines": 1, "excluded_lines": 0, "percent_statements_covered": 0.0, "percent_statements_covered_display": "0"}, "missing_lines": [542], "excluded_lines": [], "start_line": 531}, "ContractEvaluator.effective_weights": {"executed_lines": [], "summary": {"covered_lines": 0, "num_statements": 1, "percent_covered": 0.0, "percent_covered_display": "0", "missing_lines": 1, "excluded_lines": 0, "percent_statements_covered": 0.0, "percent_statements_covered_display": "0"}, "missing_lines": [551], "excluded_lines": [], "start_line": 545}, "ContractEvaluator.evaluate": {"executed_lines": [], "summary": {"covered_lines": 0, "num_statements": 14, "percent_covered": 0.0, "percent_covered_display": "0", "missing_lines": 14, "excluded_lines": 0, "percent_statements_covered": 0.0, "percent_statements_covered_display": "0"}, "missing_lines": [591, 592, 593, 594, 596, 600, 601, 602, 604, 611, 612, 617, 621, 622], "excluded_lines": [], "start_line": 553}, "ContractEvaluator._acceptance": {"executed_lines": [], "summary": {"covered_lines": 0, "num_statements": 29, "percent_covered": 0.0, "percent_covered_display": "0", "missing_lines": 29, "excluded_lines": 0, "percent_statements_covered": 0.0, "percent_statements_covered_display": "0"}, "missing_lines": [667, 668, 669, 671, 672, 673, 675, 677, 678, 690, 691, 693, 694, 695, 696, 697, 698, 699, 710, 711, 712, 713, 725, 726, 739, 740, 741, 754, 755], "excluded_lines": [], "start_line": 634}, "ContractEvaluator._record_optional_acceptance": {"executed_lines": [], "summary": {"covered_lines": 0, "num_statements": 4, "percent_covered": 0.0, "percent_covered_display": "0", "missing_lines": 4, "excluded_lines": 0, "percent_statements_covered": 0.0, "percent_statements_covered_display": "0"}, "missing_lines": [775, 776, 777, 778], "excluded_lines": [], "start_line": 759}, "ContractEvaluator._signal_passed": {"executed_lines": [], "summary": {"covered_lines": 0, "num_statements": 5, "percent_covered": 0.0, "percent_covered_display": "0", "missing_lines": 5, "excluded_lines": 0, "percent_statements_covered": 0.0, "percent_statements_covered_display": "0"}, "missing_lines": [813, 814, 815, 820, 821], "excluded_lines": [], "start_line": 796}, "ContractEvaluator._acceptance_with_policy": {"executed_lines": [], "summary": {"covered_lines": 0, "num_statements": 39, "percent_covered": 0.0, "percent_covered_display": "0", "missing_lines": 39, "excluded_lines": 0, "percent_statements_covered": 0.0, "percent_statements_covered_display": "0"}, "missing_lines": [860, 861, 862, 864, 865, 866, 873, 874, 875, 876, 877, 878, 879, 880, 881, 882, 883, 884, 885, 886, 887, 888, 889, 890, 891, 892, 893, 894, 895, 896, 898, 899, 902, 904, 905, 907, 908, 920, 932], "excluded_lines": [], "start_line": 823}, "ContractEvaluator._risk": {"executed_lines": [], "summary": {"covered_lines": 0, "num_statements": 26, "percent_covered": 0.0, "percent_covered_display": "0", "missing_lines": 26, "excluded_lines": 0, "percent_statements_covered": 0.0, "percent_statements_covered_display": "0"}, "missing_lines": [971, 972, 973, 976, 978, 979, 980, 981, 990, 991, 992, 1003, 1017, 1018, 1019, 1030, 1042, 1043, 1052, 1053, 1063, 1073, 1074, 1075, 1084, 1096], "excluded_lines": [], "start_line": 934}, "ContractEvaluator._cost": {"executed_lines": [], "summary": {"covered_lines": 0, "num_statements": 23, "percent_covered": 0.0, "percent_covered_display": "0", "missing_lines": 23, "excluded_lines": 0, "percent_statements_covered": 0.0, "percent_statements_covered_display": "0"}, "missing_lines": [1138, 1139, 1140, 1153, 1155, 1159, 1160, 1162, 1167, 1168, 1170, 1175, 1176, 1178, 1183, 1184, 1186, 1187, 1201, 1202, 1203, 1216, 1224], "excluded_lines": [], "start_line": 1099}, "ContractEvaluator._influence": {"executed_lines": [], "summary": {"covered_lines": 0, "num_statements": 4, "percent_covered": 0.0, "percent_covered_display": "0", "missing_lines": 4, "excluded_lines": 0, "percent_statements_covered": 0.0, "percent_statements_covered_display": "0"}, "missing_lines": [1241, 1242, 1243, 1259], "excluded_lines": [], "start_line": 1227}, "ContractEvaluator._restricted_acceptance_checks": {"executed_lines": [], "summary": {"covered_lines": 0, "num_statements": 1, "percent_covered": 0.0, "percent_covered_display": "0", "missing_lines": 1, "excluded_lines": 0, "percent_statements_covered": 0.0, "percent_statements_covered_display": "0"}, "missing_lines": [1296], "excluded_lines": [], "start_line": 1281}, "ContractEvaluator._restricted_risk_checks": {"executed_lines": [], "summary": {"covered_lines": 0, "num_statements": 1, "percent_covered": 0.0, "percent_covered_display": "0", "missing_lines": 1, "excluded_lines": 0, "percent_statements_covered": 0.0, "percent_statements_covered_display": "0"}, "missing_lines": [1312], "excluded_lines": [], "start_line": 1299}, "ContractEvaluator._classify_check": {"executed_lines": [], "summary": {"covered_lines": 0, "num_statements": 18, "percent_covered": 0.0, "percent_covered_display": "0", "missing_lines": 18, "excluded_lines": 0, "percent_statements_covered": 0.0, "percent_statements_covered_display": "0"}, "missing_lines": [1353, 1355, 1356, 1363, 1364, 1371, 1372, 1374, 1375, 1376, 1383, 1390, 1391, 1397, 1398, 1404, 1405, 1411], "excluded_lines": [], "start_line": 1319}, "ContractEvaluator.assess_assurance": {"executed_lines": [], "summary": {"covered_lines": 0, "num_statements": 32, "percent_covered": 0.0, "percent_covered_display": "0", "missing_lines": 32, "excluded_lines": 0, "percent_statements_covered": 0.0, "percent_statements_covered_display": "0"}, "missing_lines": [1454, 1455, 1456, 1457, 1458, 1459, 1461, 1462, 1463, 1464, 1465, 1466, 1467, 1469, 1491, 1492, 1493, 1501, 1503, 1504, 1505, 1513, 1515, 1516, 1517, 1518, 1519, 1520, 1522, 1524, 1525, 1530], "excluded_lines": [], "start_line": 1418}, "ContractEvaluator.assess_assurance._consider": {"executed_lines": [], "summary": {"covered_lines": 0, "num_statements": 13, "percent_covered": 0.0, "percent_covered_display": "0", "missing_lines": 13, "excluded_lines": 0, "percent_statements_covered": 0.0, "percent_statements_covered_display": "0"}, "missing_lines": [1476, 1477, 1478, 1479, 1480, 1481, 1482, 1483, 1485, 1486, 1487, 1488, 1489], "excluded_lines": [], "start_line": 1469}, "ContractEvaluator._collect_effective_weights": {"executed_lines": [], "summary": {"covered_lines": 0, "num_statements": 9, "percent_covered": 0.0, "percent_covered_display": "0", "missing_lines": 9, "excluded_lines": 0, "percent_statements_covered": 0.0, "percent_statements_covered_display": "0"}, "missing_lines": [1561, 1562, 1563, 1564, 1565, 1566, 1567, 1568, 1569], "excluded_lines": [], "start_line": 1542}, "ContractEvaluator._classify_gate": {"executed_lines": [], "summary": {"covered_lines": 0, "num_statements": 20, "percent_covered": 0.0, "percent_covered_display": "0", "missing_lines": 20, "excluded_lines": 0, "percent_statements_covered": 0.0, "percent_statements_covered_display": "0"}, "missing_lines": [1599, 1600, 1602, 1603, 1609, 1612, 1618, 1619, 1626, 1627, 1629, 1630, 1635, 1642, 1643, 1651, 1654, 1658, 1663, 1672], "excluded_lines": [], "start_line": 1571}, "ContractEvaluator._budget_telemetry": {"executed_lines": [], "summary": {"covered_lines": 0, "num_statements": 10, "percent_covered": 0.0, "percent_covered_display": "0", "missing_lines": 10, "excluded_lines": 0, "percent_statements_covered": 0.0, "percent_statements_covered_display": "0"}, "missing_lines": [1695, 1696, 1697, 1698, 1699, 1700, 1701, 1702, 1704, 1705], "excluded_lines": [], "start_line": 1675}, "ContractEvaluator._assess_budgets": {"executed_lines": [], "summary": {"covered_lines": 0, "num_statements": 35, "percent_covered": 0.0, "percent_covered_display": "0", "missing_lines": 35, "excluded_lines": 0, "percent_statements_covered": 0.0, "percent_statements_covered_display": "0"}, "missing_lines": [1731, 1732, 1733, 1735, 1736, 1737, 1738, 1739, 1743, 1744, 1745, 1746, 1747, 1748, 1749, 1751, 1752, 1753, 1758, 1759, 1760, 1761, 1765, 1766, 1767, 1768, 1773, 1774, 1775, 1779, 1790, 1791, 1792, 1794, 1799], "excluded_lines": [], "start_line": 1707}, "ContractEvaluator.assess_policy_gate": {"executed_lines": [], "summary": {"covered_lines": 0, "num_statements": 29, "percent_covered": 0.0, "percent_covered_display": "0", "missing_lines": 29, "excluded_lines": 0, "percent_statements_covered": 0.0, "percent_statements_covered_display": "0"}, "missing_lines": [1826, 1827, 1828, 1829, 1830, 1831, 1833, 1834, 1835, 1837, 1838, 1839, 1840, 1841, 1842, 1843, 1844, 1846, 1847, 1848, 1849, 1850, 1851, 1852, 1853, 1855, 1861, 1864, 1866], "excluded_lines": [], "start_line": 1801}, "ContractEvaluator._render_reasoning": {"executed_lines": [], "summary": {"covered_lines": 0, "num_statements": 1, "percent_covered": 0.0, "percent_covered_display": "0", "missing_lines": 1, "excluded_lines": 0, "percent_statements_covered": 0.0, "percent_statements_covered_display": "0"}, "missing_lines": [1905], "excluded_lines": [], "start_line": 1885}, "": {"executed_lines": [1, 3, 4, 6, 12, 19, 20, 21, 41, 47, 55, 58, 78, 134, 157, 186, 195, 232, 240, 241, 265, 266, 267, 268, 288, 298, 306, 307, 328, 329, 330, 331, 332, 333, 334, 337, 338, 371, 372, 373, 374, 375, 376, 377, 378, 379, 380, 381, 383, 384, 399, 400, 405, 460, 490, 491, 495, 496, 506, 507, 517, 518, 530, 531, 544, 545, 553, 634, 758, 759, 795, 796, 823, 934, 1099, 1227, 1280, 1281, 1298, 1299, 1318, 1319, 1418, 1541, 1542, 1571, 1674, 1675, 1707, 1801, 1884, 1885], "summary": {"covered_lines": 92, "num_statements": 92, "percent_covered": 100.0, "percent_covered_display": "100", "missing_lines": 0, "excluded_lines": 2, "percent_statements_covered": 100.0, "percent_statements_covered_display": "100"}, "missing_lines": [], "excluded_lines": [27, 28], "start_line": 1}}, "classes": {"AssuranceAssessment": {"executed_lines": [], "summary": {"covered_lines": 0, "num_statements": 0, "percent_covered": 100.0, "percent_covered_display": "100", "missing_lines": 0, "excluded_lines": 0, "percent_statements_covered": 100.0, "percent_statements_covered_display": "100"}, "missing_lines": [], "excluded_lines": [], "start_line": 241}, "BudgetStatus": {"executed_lines": [], "summary": {"covered_lines": 0, "num_statements": 0, "percent_covered": 100.0, "percent_covered_display": "100", "missing_lines": 0, "excluded_lines": 0, "percent_statements_covered": 100.0, "percent_statements_covered_display": "100"}, "missing_lines": [], "excluded_lines": [], "start_line": 307}, "PolicyGateOutcome": {"executed_lines": [], "summary": {"covered_lines": 0, "num_statements": 5, "percent_covered": 0.0, "percent_covered_display": "0", "missing_lines": 5, "excluded_lines": 0, "percent_statements_covered": 0.0, "percent_statements_covered_display": "0"}, "missing_lines": [392, 395, 396, 397, 402], "excluded_lines": [], "start_line": 338}, "ContractEvaluator": {"executed_lines": [], "summary": {"covered_lines": 0, "num_statements": 325, "percent_covered": 0.0, "percent_covered_display": "0", "missing_lines": 325, "excluded_lines": 0, "percent_statements_covered": 0.0, "percent_statements_covered_display": "0"}, "missing_lines": [482, 483, 484, 485, 486, 487, 493, 504, 515, 528, 542, 551, 591, 592, 593, 594, 596, 600, 601, 602, 604, 611, 612, 617, 621, 622, 667, 668, 669, 671, 672, 673, 675, 677, 678, 690, 691, 693, 694, 695, 696, 697, 698, 699, 710, 711, 712, 713, 725, 726, 739, 740, 741, 754, 755, 775, 776, 777, 778, 813, 814, 815, 820, 821, 860, 861, 862, 864, 865, 866, 873, 874, 875, 876, 877, 878, 879, 880, 881, 882, 883, 884, 885, 886, 887, 888, 889, 890, 891, 892, 893, 894, 895, 896, 898, 899, 902, 904, 905, 907, 908, 920, 932, 971, 972, 973, 976, 978, 979, 980, 981, 990, 991, 992, 1003, 1017, 1018, 1019, 1030, 1042, 1043, 1052, 1053, 1063, 1073, 1074, 1075, 1084, 1096, 1138, 1139, 1140, 1153, 1155, 1159, 1160, 1162, 1167, 1168, 1170, 1175, 1176, 1178, 1183, 1184, 1186, 1187, 1201, 1202, 1203, 1216, 1224, 1241, 1242, 1243, 1259, 1296, 1312, 1353, 1355, 1356, 1363, 1364, 1371, 1372, 1374, 1375, 1376, 1383, 1390, 1391, 1397, 1398, 1404, 1405, 1411, 1454, 1455, 1456, 1457, 1458, 1459, 1461, 1462, 1463, 1464, 1465, 1466, 1467, 1469, 1476, 1477, 1478, 1479, 1480, 1481, 1482, 1483, 1485, 1486, 1487, 1488, 1489, 1491, 1492, 1493, 1501, 1503, 1504, 1505, 1513, 1515, 1516, 1517, 1518, 1519, 1520, 1522, 1524, 1525, 1530, 1561, 1562, 1563, 1564, 1565, 1566, 1567, 1568, 1569, 1599, 1600, 1602, 1603, 1609, 1612, 1618, 1619, 1626, 1627, 1629, 1630, 1635, 1642, 1643, 1651, 1654, 1658, 1663, 1672, 1695, 1696, 1697, 1698, 1699, 1700, 1701, 1702, 1704, 1705, 1731, 1732, 1733, 1735, 1736, 1737, 1738, 1739, 1743, 1744, 1745, 1746, 1747, 1748, 1749, 1751, 1752, 1753, 1758, 1759, 1760, 1761, 1765, 1766, 1767, 1768, 1773, 1774, 1775, 1779, 1790, 1791, 1792, 1794, 1799, 1826, 1827, 1828, 1829, 1830, 1831, 1833, 1834, 1835, 1837, 1838, 1839, 1840, 1841, 1842, 1843, 1844, 1846, 1847, 1848, 1849, 1850, 1851, 1852, 1853, 1855, 1861, 1864, 1866, 1905], "excluded_lines": [], "start_line": 405}, "": {"executed_lines": [1, 3, 4, 6, 12, 19, 20, 21, 41, 47, 55, 58, 78, 134, 157, 186, 195, 232, 240, 241, 265, 266, 267, 268, 288, 298, 306, 307, 328, 329, 330, 331, 332, 333, 334, 337, 338, 371, 372, 373, 374, 375, 376, 377, 378, 379, 380, 381, 383, 384, 399, 400, 405, 460, 490, 491, 495, 496, 506, 507, 517, 518, 530, 531, 544, 545, 553, 634, 758, 759, 795, 796, 823, 934, 1099, 1227, 1280, 1281, 1298, 1299, 1318, 1319, 1418, 1541, 1542, 1571, 1674, 1675, 1707, 1801, 1884, 1885], "summary": {"covered_lines": 92, "num_statements": 118, "percent_covered": 77.96610169491525, "percent_covered_display": "78", "missing_lines": 26, "excluded_lines": 2, "percent_statements_covered": 77.96610169491525, "percent_statements_covered_display": "78"}, "missing_lines": [73, 74, 75, 110, 111, 112, 113, 114, 115, 116, 117, 119, 120, 121, 126, 131, 152, 153, 154, 176, 177, 178, 211, 212, 213, 222], "excluded_lines": [27, 28], "start_line": 1}}}, "src/bound/contract_quality.py": {"executed_lines": [1, 3, 4, 5, 7, 9, 11, 29, 35, 41, 85, 180, 183, 197, 216, 233, 265, 288, 290, 291, 292, 293, 294, 302, 303, 317, 318, 319, 320, 321, 324, 396, 422, 469, 482, 484, 485, 486, 487, 488, 494, 512, 527, 529, 530, 531, 532, 533, 536, 547, 567, 611, 667], "summary": {"covered_lines": 53, "num_statements": 149, "percent_covered": 35.57046979865772, "percent_covered_display": "36", "missing_lines": 96, "excluded_lines": 0, "percent_statements_covered": 35.57046979865772, "percent_statements_covered_display": "36"}, "missing_lines": [194, 212, 213, 227, 228, 229, 230, 247, 248, 249, 337, 338, 339, 340, 342, 345, 346, 354, 355, 356, 362, 363, 364, 365, 366, 368, 369, 370, 375, 376, 381, 382, 387, 411, 412, 413, 441, 442, 443, 444, 445, 446, 447, 448, 449, 450, 451, 452, 454, 455, 544, 560, 561, 580, 581, 582, 587, 588, 593, 594, 595, 596, 597, 599, 603, 604, 605, 606, 607, 608, 630, 631, 633, 634, 635, 636, 638, 639, 640, 641, 642, 643, 644, 647, 657, 658, 679, 687, 688, 689, 695, 696, 697, 698, 699, 700], "excluded_lines": [], "functions": {"_word_fragments": {"executed_lines": [], "summary": {"covered_lines": 0, "num_statements": 1, "percent_covered": 0.0, "percent_covered_display": "0", "missing_lines": 1, "excluded_lines": 0, "percent_statements_covered": 0.0, "percent_statements_covered_display": "0"}, "missing_lines": [194], "excluded_lines": [], "start_line": 183}, "_looks_measurable": {"executed_lines": [], "summary": {"covered_lines": 0, "num_statements": 2, "percent_covered": 0.0, "percent_covered_display": "0", "missing_lines": 2, "excluded_lines": 0, "percent_statements_covered": 0.0, "percent_statements_covered_display": "0"}, "missing_lines": [212, 213], "excluded_lines": [], "start_line": 197}, "_is_vague_description": {"executed_lines": [], "summary": {"covered_lines": 0, "num_statements": 4, "percent_covered": 0.0, "percent_covered_display": "0", "missing_lines": 4, "excluded_lines": 0, "percent_statements_covered": 0.0, "percent_statements_covered_display": "0"}, "missing_lines": [227, 228, 229, 230], "excluded_lines": [], "start_line": 216}, "_budget_is_meaningful": {"executed_lines": [], "summary": {"covered_lines": 0, "num_statements": 3, "percent_covered": 0.0, "percent_covered_display": "0", "missing_lines": 3, "excluded_lines": 0, "percent_statements_covered": 0.0, "percent_statements_covered_display": "0"}, "missing_lines": [247, 248, 249], "excluded_lines": [], "start_line": 233}, "_evaluate_step": {"executed_lines": [], "summary": {"covered_lines": 0, "num_statements": 23, "percent_covered": 0.0, "percent_covered_display": "0", "missing_lines": 23, "excluded_lines": 0, "percent_statements_covered": 0.0, "percent_statements_covered_display": "0"}, "missing_lines": [337, 338, 339, 340, 342, 345, 346, 354, 355, 356, 362, 363, 364, 365, 366, 368, 369, 370, 375, 376, 381, 382, 387], "excluded_lines": [], "start_line": 324}, "assess_step": {"executed_lines": [], "summary": {"covered_lines": 0, "num_statements": 3, "percent_covered": 0.0, "percent_covered_display": "0", "missing_lines": 3, "excluded_lines": 0, "percent_statements_covered": 0.0, "percent_statements_covered_display": "0"}, "missing_lines": [411, 412, 413], "excluded_lines": [], "start_line": 396}, "assess_contract": {"executed_lines": [], "summary": {"covered_lines": 0, "num_statements": 14, "percent_covered": 0.0, "percent_covered_display": "0", "missing_lines": 14, "excluded_lines": 0, "percent_statements_covered": 0.0, "percent_statements_covered_display": "0"}, "missing_lines": [441, 442, 443, 444, 445, 446, 447, 448, 449, 450, 451, 452, 454, 455], "excluded_lines": [], "start_line": 422}, "_default_corpus_dir": {"executed_lines": [], "summary": {"covered_lines": 0, "num_statements": 1, "percent_covered": 0.0, "percent_covered_display": "0", "missing_lines": 1, "excluded_lines": 0, "percent_statements_covered": 0.0, "percent_statements_covered_display": "0"}, "missing_lines": [544], "excluded_lines": [], "start_line": 536}, "load_contract_corpus": {"executed_lines": [], "summary": {"covered_lines": 0, "num_statements": 2, "percent_covered": 0.0, "percent_covered_display": "0", "missing_lines": 2, "excluded_lines": 0, "percent_statements_covered": 0.0, "percent_statements_covered_display": "0"}, "missing_lines": [560, 561], "excluded_lines": [], "start_line": 547}, "_finding_note": {"executed_lines": [], "summary": {"covered_lines": 0, "num_statements": 17, "percent_covered": 0.0, "percent_covered_display": "0", "missing_lines": 17, "excluded_lines": 0, "percent_statements_covered": 0.0, "percent_statements_covered_display": "0"}, "missing_lines": [580, 581, 582, 587, 588, 593, 594, 595, 596, 597, 599, 603, 604, 605, 606, 607, 608], "excluded_lines": [], "start_line": 567}, "run_contract_quality_experiment": {"executed_lines": [], "summary": {"covered_lines": 0, "num_statements": 16, "percent_covered": 0.0, "percent_covered_display": "0", "missing_lines": 16, "excluded_lines": 0, "percent_statements_covered": 0.0, "percent_statements_covered_display": "0"}, "missing_lines": [630, 631, 633, 634, 635, 636, 638, 639, 640, 641, 642, 643, 644, 647, 657, 658], "excluded_lines": [], "start_line": 611}, "summarize_contract_quality_experiment": {"executed_lines": [], "summary": {"covered_lines": 0, "num_statements": 10, "percent_covered": 0.0, "percent_covered_display": "0", "missing_lines": 10, "excluded_lines": 0, "percent_statements_covered": 0.0, "percent_statements_covered_display": "0"}, "missing_lines": [679, 687, 688, 689, 695, 696, 697, 698, 699, 700], "excluded_lines": [], "start_line": 667}, "": {"executed_lines": [1, 3, 4, 5, 7, 9, 11, 29, 35, 41, 85, 180, 183, 197, 216, 233, 265, 288, 290, 291, 292, 293, 294, 302, 303, 317, 318, 319, 320, 321, 324, 396, 422, 469, 482, 484, 485, 486, 487, 488, 494, 512, 527, 529, 530, 531, 532, 533, 536, 547, 567, 611, 667], "summary": {"covered_lines": 53, "num_statements": 53, "percent_covered": 100.0, "percent_covered_display": "100", "missing_lines": 0, "excluded_lines": 0, "percent_statements_covered": 100.0, "percent_statements_covered_display": "100"}, "missing_lines": [], "excluded_lines": [], "start_line": 1}}, "classes": {"ContractQualityReport": {"executed_lines": [], "summary": {"covered_lines": 0, "num_statements": 0, "percent_covered": 100.0, "percent_covered_display": "100", "missing_lines": 0, "excluded_lines": 0, "percent_statements_covered": 100.0, "percent_statements_covered_display": "100"}, "missing_lines": [], "excluded_lines": [], "start_line": 265}, "_StepAssessment": {"executed_lines": [], "summary": {"covered_lines": 0, "num_statements": 0, "percent_covered": 100.0, "percent_covered_display": "100", "missing_lines": 0, "excluded_lines": 0, "percent_statements_covered": 100.0, "percent_statements_covered_display": "100"}, "missing_lines": [], "excluded_lines": [], "start_line": 303}, "ContractQualityFinding": {"executed_lines": [], "summary": {"covered_lines": 0, "num_statements": 0, "percent_covered": 100.0, "percent_covered_display": "100", "missing_lines": 0, "excluded_lines": 0, "percent_statements_covered": 100.0, "percent_statements_covered_display": "100"}, "missing_lines": [], "excluded_lines": [], "start_line": 469}, "ContractQualityExperimentSummary": {"executed_lines": [], "summary": {"covered_lines": 0, "num_statements": 0, "percent_covered": 100.0, "percent_covered_display": "100", "missing_lines": 0, "excluded_lines": 0, "percent_statements_covered": 100.0, "percent_statements_covered_display": "100"}, "missing_lines": [], "excluded_lines": [], "start_line": 512}, "": {"executed_lines": [1, 3, 4, 5, 7, 9, 11, 29, 35, 41, 85, 180, 183, 197, 216, 233, 265, 288, 290, 291, 292, 293, 294, 302, 303, 317, 318, 319, 320, 321, 324, 396, 422, 469, 482, 484, 485, 486, 487, 488, 494, 512, 527, 529, 530, 531, 532, 533, 536, 547, 567, 611, 667], "summary": {"covered_lines": 53, "num_statements": 149, "percent_covered": 35.57046979865772, "percent_covered_display": "36", "missing_lines": 96, "excluded_lines": 0, "percent_statements_covered": 35.57046979865772, "percent_statements_covered_display": "36"}, "missing_lines": [194, 212, 213, 227, 228, 229, 230, 247, 248, 249, 337, 338, 339, 340, 342, 345, 346, 354, 355, 356, 362, 363, 364, 365, 366, 368, 369, 370, 375, 376, 381, 382, 387, 411, 412, 413, 441, 442, 443, 444, 445, 446, 447, 448, 449, 450, 451, 452, 454, 455, 544, 560, 561, 580, 581, 582, 587, 588, 593, 594, 595, 596, 597, 599, 603, 604, 605, 606, 607, 608, 630, 631, 633, 634, 635, 636, 638, 639, 640, 641, 642, 643, 644, 647, 657, 658, 679, 687, 688, 689, 695, 696, 697, 698, 699, 700], "excluded_lines": [], "start_line": 1}}}, "src/bound/contracts.py": {"executed_lines": [1, 3, 4, 5, 7, 9, 10, 17, 24, 74, 94, 95, 96, 97, 100, 145, 147, 148, 149, 150, 151, 152, 153, 154, 155, 157, 158, 179, 224, 226, 227, 228, 229, 230, 231, 232, 233, 234, 235, 237, 238, 259, 279, 281, 282, 283, 284, 287, 331, 333, 334, 335, 336, 337, 338, 339, 341, 342, 362, 376, 378, 379, 381, 382, 399, 400, 417, 439, 470, 480, 481, 485], "summary": {"covered_lines": 72, "num_statements": 88, "percent_covered": 81.81818181818181, "percent_covered_display": "82", "missing_lines": 16, "excluded_lines": 3, "percent_statements_covered": 81.81818181818181, "percent_statements_covered_display": "82"}, "missing_lines": [71, 171, 172, 176, 251, 252, 256, 355, 356, 359, 394, 395, 396, 478, 483, 507], "excluded_lines": [436, 437, 438], "functions": {"is_valid_phase_id": {"executed_lines": [], "summary": {"covered_lines": 0, "num_statements": 1, "percent_covered": 0.0, "percent_covered_display": "0", "missing_lines": 1, "excluded_lines": 0, "percent_statements_covered": 0.0, "percent_statements_covered_display": "0"}, "missing_lines": [71], "excluded_lines": [], "start_line": 24}, "AcceptanceCheck._accepted_provenance_non_empty_if_set": {"executed_lines": [], "summary": {"covered_lines": 0, "num_statements": 3, "percent_covered": 0.0, "percent_covered_display": "0", "missing_lines": 3, "excluded_lines": 0, "percent_statements_covered": 0.0, "percent_statements_covered_display": "0"}, "missing_lines": [171, 172, 176], "excluded_lines": [], "start_line": 158}, "RiskCheck._accepted_provenance_non_empty_if_set": {"executed_lines": [], "summary": {"covered_lines": 0, "num_statements": 3, "percent_covered": 0.0, "percent_covered_display": "0", "missing_lines": 3, "excluded_lines": 0, "percent_statements_covered": 0.0, "percent_statements_covered_display": "0"}, "missing_lines": [251, 252, 256], "excluded_lines": [], "start_line": 238}, "StepContract._require_acceptance_checks": {"executed_lines": [], "summary": {"covered_lines": 0, "num_statements": 3, "percent_covered": 0.0, "percent_covered_display": "0", "missing_lines": 3, "excluded_lines": 0, "percent_statements_covered": 0.0, "percent_statements_covered_display": "0"}, "missing_lines": [355, 356, 359], "excluded_lines": [], "start_line": 342}, "BoundPlan._require_steps": {"executed_lines": [], "summary": {"covered_lines": 0, "num_statements": 3, "percent_covered": 0.0, "percent_covered_display": "0", "missing_lines": 3, "excluded_lines": 0, "percent_statements_covered": 0.0, "percent_statements_covered_display": "0"}, "missing_lines": [394, 395, 396], "excluded_lines": [], "start_line": 382}, "ContractGenerator.generate": {"executed_lines": [], "summary": {"covered_lines": 0, "num_statements": 0, "percent_covered": 100.0, "percent_covered_display": "100", "missing_lines": 0, "excluded_lines": 1, "percent_statements_covered": 100.0, "percent_statements_covered_display": "100"}, "missing_lines": [], "excluded_lines": [436], "start_line": 417}, "StaticContractGenerator.__init__": {"executed_lines": [], "summary": {"covered_lines": 0, "num_statements": 1, "percent_covered": 0.0, "percent_covered_display": "0", "missing_lines": 1, "excluded_lines": 0, "percent_statements_covered": 0.0, "percent_statements_covered_display": "0"}, "missing_lines": [478], "excluded_lines": [], "start_line": 470}, "StaticContractGenerator.plan": {"executed_lines": [], "summary": {"covered_lines": 0, "num_statements": 1, "percent_covered": 0.0, "percent_covered_display": "0", "missing_lines": 1, "excluded_lines": 0, "percent_statements_covered": 0.0, "percent_statements_covered_display": "0"}, "missing_lines": [483], "excluded_lines": [], "start_line": 481}, "StaticContractGenerator.generate": {"executed_lines": [], "summary": {"covered_lines": 0, "num_statements": 1, "percent_covered": 0.0, "percent_covered_display": "0", "missing_lines": 1, "excluded_lines": 0, "percent_statements_covered": 0.0, "percent_statements_covered_display": "0"}, "missing_lines": [507], "excluded_lines": [], "start_line": 485}, "": {"executed_lines": [1, 3, 4, 5, 7, 9, 10, 17, 24, 74, 94, 95, 96, 97, 100, 145, 147, 148, 149, 150, 151, 152, 153, 154, 155, 157, 158, 179, 224, 226, 227, 228, 229, 230, 231, 232, 233, 234, 235, 237, 238, 259, 279, 281, 282, 283, 284, 287, 331, 333, 334, 335, 336, 337, 338, 339, 341, 342, 362, 376, 378, 379, 381, 382, 399, 400, 417, 439, 470, 480, 481, 485], "summary": {"covered_lines": 72, "num_statements": 72, "percent_covered": 100.0, "percent_covered_display": "100", "missing_lines": 0, "excluded_lines": 2, "percent_statements_covered": 100.0, "percent_statements_covered_display": "100"}, "missing_lines": [], "excluded_lines": [437, 438], "start_line": 1}}, "classes": {"EvidencePolicyAction": {"executed_lines": [], "summary": {"covered_lines": 0, "num_statements": 0, "percent_covered": 100.0, "percent_covered_display": "100", "missing_lines": 0, "excluded_lines": 0, "percent_statements_covered": 100.0, "percent_statements_covered_display": "100"}, "missing_lines": [], "excluded_lines": [], "start_line": 74}, "AcceptanceCheck": {"executed_lines": [], "summary": {"covered_lines": 0, "num_statements": 3, "percent_covered": 0.0, "percent_covered_display": "0", "missing_lines": 3, "excluded_lines": 0, "percent_statements_covered": 0.0, "percent_statements_covered_display": "0"}, "missing_lines": [171, 172, 176], "excluded_lines": [], "start_line": 100}, "RiskCheck": {"executed_lines": [], "summary": {"covered_lines": 0, "num_statements": 3, "percent_covered": 0.0, "percent_covered_display": "0", "missing_lines": 3, "excluded_lines": 0, "percent_statements_covered": 0.0, "percent_statements_covered_display": "0"}, "missing_lines": [251, 252, 256], "excluded_lines": [], "start_line": 179}, "StepBudget": {"executed_lines": [], "summary": {"covered_lines": 0, "num_statements": 0, "percent_covered": 100.0, "percent_covered_display": "100", "missing_lines": 0, "excluded_lines": 0, "percent_statements_covered": 100.0, "percent_statements_covered_display": "100"}, "missing_lines": [], "excluded_lines": [], "start_line": 259}, "StepContract": {"executed_lines": [], "summary": {"covered_lines": 0, "num_statements": 3, "percent_covered": 0.0, "percent_covered_display": "0", "missing_lines": 3, "excluded_lines": 0, "percent_statements_covered": 0.0, "percent_statements_covered_display": "0"}, "missing_lines": [355, 356, 359], "excluded_lines": [], "start_line": 287}, "BoundPlan": {"executed_lines": [], "summary": {"covered_lines": 0, "num_statements": 3, "percent_covered": 0.0, "percent_covered_display": "0", "missing_lines": 3, "excluded_lines": 0, "percent_statements_covered": 0.0, "percent_statements_covered_display": "0"}, "missing_lines": [394, 395, 396], "excluded_lines": [], "start_line": 362}, "ContractGenerator": {"executed_lines": [], "summary": {"covered_lines": 0, "num_statements": 0, "percent_covered": 100.0, "percent_covered_display": "100", "missing_lines": 0, "excluded_lines": 1, "percent_statements_covered": 100.0, "percent_statements_covered_display": "100"}, "missing_lines": [], "excluded_lines": [436], "start_line": 400}, "StaticContractGenerator": {"executed_lines": [], "summary": {"covered_lines": 0, "num_statements": 3, "percent_covered": 0.0, "percent_covered_display": "0", "missing_lines": 3, "excluded_lines": 0, "percent_statements_covered": 0.0, "percent_statements_covered_display": "0"}, "missing_lines": [478, 483, 507], "excluded_lines": [], "start_line": 439}, "": {"executed_lines": [1, 3, 4, 5, 7, 9, 10, 17, 24, 74, 94, 95, 96, 97, 100, 145, 147, 148, 149, 150, 151, 152, 153, 154, 155, 157, 158, 179, 224, 226, 227, 228, 229, 230, 231, 232, 233, 234, 235, 237, 238, 259, 279, 281, 282, 283, 284, 287, 331, 333, 334, 335, 336, 337, 338, 339, 341, 342, 362, 376, 378, 379, 381, 382, 399, 400, 417, 439, 470, 480, 481, 485], "summary": {"covered_lines": 72, "num_statements": 73, "percent_covered": 98.63013698630137, "percent_covered_display": "99", "missing_lines": 1, "excluded_lines": 2, "percent_statements_covered": 98.63013698630137, "percent_statements_covered_display": "99"}, "missing_lines": [71], "excluded_lines": [437, 438], "start_line": 1}}}, "src/bound/evaluator.py": {"executed_lines": [1, 3, 5, 8, 9, 24, 37, 64, 82, 83, 87, 88, 92], "summary": {"covered_lines": 13, "num_statements": 20, "percent_covered": 65.0, "percent_covered_display": "65", "missing_lines": 7, "excluded_lines": 3, "percent_statements_covered": 65.0, "percent_statements_covered_display": "65"}, "missing_lines": [79, 80, 85, 90, 112, 113, 117], "excluded_lines": [34, 35, 36], "functions": {"Evaluator.evaluate": {"executed_lines": [], "summary": {"covered_lines": 0, "num_statements": 0, "percent_covered": 100.0, "percent_covered_display": "100", "missing_lines": 0, "excluded_lines": 1, "percent_statements_covered": 100.0, "percent_statements_covered_display": "100"}, "missing_lines": [], "excluded_lines": [34], "start_line": 24}, "StaticEvaluator.__init__": {"executed_lines": [], "summary": {"covered_lines": 0, "num_statements": 2, "percent_covered": 0.0, "percent_covered_display": "0", "missing_lines": 2, "excluded_lines": 0, "percent_statements_covered": 0.0, "percent_statements_covered_display": "0"}, "missing_lines": [79, 80], "excluded_lines": [], "start_line": 64}, "StaticEvaluator.scores": {"executed_lines": [], "summary": {"covered_lines": 0, "num_statements": 1, "percent_covered": 0.0, "percent_covered_display": "0", "missing_lines": 1, "excluded_lines": 0, "percent_statements_covered": 0.0, "percent_statements_covered_display": "0"}, "missing_lines": [85], "excluded_lines": [], "start_line": 83}, "StaticEvaluator.expected_action": {"executed_lines": [], "summary": {"covered_lines": 0, "num_statements": 1, "percent_covered": 0.0, "percent_covered_display": "0", "missing_lines": 1, "excluded_lines": 0, "percent_statements_covered": 0.0, "percent_statements_covered_display": "0"}, "missing_lines": [90], "excluded_lines": [], "start_line": 88}, "StaticEvaluator.evaluate": {"executed_lines": [], "summary": {"covered_lines": 0, "num_statements": 3, "percent_covered": 0.0, "percent_covered_display": "0", "missing_lines": 3, "excluded_lines": 0, "percent_statements_covered": 0.0, "percent_statements_covered_display": "0"}, "missing_lines": [112, 113, 117], "excluded_lines": [], "start_line": 92}, "": {"executed_lines": [1, 3, 5, 8, 9, 24, 37, 64, 82, 83, 87, 88, 92], "summary": {"covered_lines": 13, "num_statements": 13, "percent_covered": 100.0, "percent_covered_display": "100", "missing_lines": 0, "excluded_lines": 2, "percent_statements_covered": 100.0, "percent_statements_covered_display": "100"}, "missing_lines": [], "excluded_lines": [35, 36], "start_line": 1}}, "classes": {"Evaluator": {"executed_lines": [], "summary": {"covered_lines": 0, "num_statements": 0, "percent_covered": 100.0, "percent_covered_display": "100", "missing_lines": 0, "excluded_lines": 1, "percent_statements_covered": 100.0, "percent_statements_covered_display": "100"}, "missing_lines": [], "excluded_lines": [34], "start_line": 9}, "StaticEvaluator": {"executed_lines": [], "summary": {"covered_lines": 0, "num_statements": 7, "percent_covered": 0.0, "percent_covered_display": "0", "missing_lines": 7, "excluded_lines": 0, "percent_statements_covered": 0.0, "percent_statements_covered_display": "0"}, "missing_lines": [79, 80, 85, 90, 112, 113, 117], "excluded_lines": [], "start_line": 37}, "": {"executed_lines": [1, 3, 5, 8, 9, 24, 37, 64, 82, 83, 87, 88, 92], "summary": {"covered_lines": 13, "num_statements": 13, "percent_covered": 100.0, "percent_covered_display": "100", "missing_lines": 0, "excluded_lines": 2, "percent_statements_covered": 100.0, "percent_statements_covered_display": "100"}, "missing_lines": [], "excluded_lines": [35, 36], "start_line": 1}}}, "src/bound/evidence.py": {"executed_lines": [1, 3, 4, 5, 6, 8, 24, 40, 76, 77, 78, 79, 80, 81, 82, 85, 118, 119, 120, 121, 122, 123, 126, 148, 150, 151, 152, 153, 156, 205, 207, 208, 209, 210, 211, 212, 213, 214, 215, 216, 217, 219, 220, 221, 239, 244, 251, 259, 306, 347, 349, 350, 352, 353, 355, 356, 357, 358, 360, 362, 363, 364, 390, 391, 413], "summary": {"covered_lines": 65, "num_statements": 83, "percent_covered": 78.3132530120482, "percent_covered_display": "78", "missing_lines": 18, "excluded_lines": 6, "percent_statements_covered": 78.3132530120482, "percent_statements_covered_display": "78"}, "missing_lines": [240, 287, 288, 289, 290, 291, 292, 293, 294, 295, 296, 298, 299, 300, 303, 385, 386, 387], "excluded_lines": [10, 18, 29, 37, 441, 442], "functions": {"CheckEvidence._observed_at_must_be_timezone_aware": {"executed_lines": [239, 244], "summary": {"covered_lines": 2, "num_statements": 3, "percent_covered": 66.66666666666667, "percent_covered_display": "67", "missing_lines": 1, "excluded_lines": 0, "percent_statements_covered": 66.66666666666667, "percent_statements_covered_display": "67"}, "missing_lines": [240], "excluded_lines": [], "start_line": 221}, "migrate_legacy_execution_evidence": {"executed_lines": [], "summary": {"covered_lines": 0, "num_statements": 14, "percent_covered": 0.0, "percent_covered_display": "0", "missing_lines": 14, "excluded_lines": 0, "percent_statements_covered": 0.0, "percent_statements_covered_display": "0"}, "missing_lines": [287, 288, 289, 290, 291, 292, 293, 294, 295, 296, 298, 299, 300, 303], "excluded_lines": [], "start_line": 259}, "ExecutionEvidence._migrate_legacy_telemetry": {"executed_lines": [], "summary": {"covered_lines": 0, "num_statements": 3, "percent_covered": 0.0, "percent_covered_display": "0", "missing_lines": 3, "excluded_lines": 0, "percent_statements_covered": 0.0, "percent_statements_covered_display": "0"}, "missing_lines": [385, 386, 387], "excluded_lines": [], "start_line": 364}, "EvidenceCollector.collect": {"executed_lines": [], "summary": {"covered_lines": 0, "num_statements": 0, "percent_covered": 100.0, "percent_covered_display": "100", "missing_lines": 0, "excluded_lines": 1, "percent_statements_covered": 100.0, "percent_statements_covered_display": "100"}, "missing_lines": [], "excluded_lines": [441], "start_line": 413}, "": {"executed_lines": [1, 3, 4, 5, 6, 8, 24, 40, 76, 77, 78, 79, 80, 81, 82, 85, 118, 119, 120, 121, 122, 123, 126, 148, 150, 151, 152, 153, 156, 205, 207, 208, 209, 210, 211, 212, 213, 214, 215, 216, 217, 219, 220, 221, 251, 259, 306, 347, 349, 350, 352, 353, 355, 356, 357, 358, 360, 362, 363, 364, 390, 391, 413], "summary": {"covered_lines": 63, "num_statements": 63, "percent_covered": 100.0, "percent_covered_display": "100", "missing_lines": 0, "excluded_lines": 4, "percent_statements_covered": 100.0, "percent_statements_covered_display": "100"}, "missing_lines": [], "excluded_lines": [10, 18, 29, 37], "start_line": 1}}, "classes": {"EvidenceProvenance": {"executed_lines": [], "summary": {"covered_lines": 0, "num_statements": 0, "percent_covered": 100.0, "percent_covered_display": "100", "missing_lines": 0, "excluded_lines": 0, "percent_statements_covered": 100.0, "percent_statements_covered_display": "100"}, "missing_lines": [], "excluded_lines": [], "start_line": 40}, "EvidenceStatus": {"executed_lines": [], "summary": {"covered_lines": 0, "num_statements": 0, "percent_covered": 100.0, "percent_covered_display": "100", "missing_lines": 0, "excluded_lines": 0, "percent_statements_covered": 100.0, "percent_statements_covered_display": "100"}, "missing_lines": [], "excluded_lines": [], "start_line": 85}, "EvidenceMetric": {"executed_lines": [], "summary": {"covered_lines": 0, "num_statements": 0, "percent_covered": 100.0, "percent_covered_display": "100", "missing_lines": 0, "excluded_lines": 0, "percent_statements_covered": 100.0, "percent_statements_covered_display": "100"}, "missing_lines": [], "excluded_lines": [], "start_line": 126}, "CheckEvidence": {"executed_lines": [239, 244], "summary": {"covered_lines": 2, "num_statements": 3, "percent_covered": 66.66666666666667, "percent_covered_display": "67", "missing_lines": 1, "excluded_lines": 0, "percent_statements_covered": 66.66666666666667, "percent_statements_covered_display": "67"}, "missing_lines": [240], "excluded_lines": [], "start_line": 156}, "ExecutionEvidence": {"executed_lines": [], "summary": {"covered_lines": 0, "num_statements": 3, "percent_covered": 0.0, "percent_covered_display": "0", "missing_lines": 3, "excluded_lines": 0, "percent_statements_covered": 0.0, "percent_statements_covered_display": "0"}, "missing_lines": [385, 386, 387], "excluded_lines": [], "start_line": 306}, "EvidenceCollector": {"executed_lines": [], "summary": {"covered_lines": 0, "num_statements": 0, "percent_covered": 100.0, "percent_covered_display": "100", "missing_lines": 0, "excluded_lines": 1, "percent_statements_covered": 100.0, "percent_statements_covered_display": "100"}, "missing_lines": [], "excluded_lines": [441], "start_line": 391}, "": {"executed_lines": [1, 3, 4, 5, 6, 8, 24, 40, 76, 77, 78, 79, 80, 81, 82, 85, 118, 119, 120, 121, 122, 123, 126, 148, 150, 151, 152, 153, 156, 205, 207, 208, 209, 210, 211, 212, 213, 214, 215, 216, 217, 219, 220, 221, 251, 259, 306, 347, 349, 350, 352, 353, 355, 356, 357, 358, 360, 362, 363, 364, 390, 391, 413], "summary": {"covered_lines": 63, "num_statements": 77, "percent_covered": 81.81818181818181, "percent_covered_display": "82", "missing_lines": 14, "excluded_lines": 4, "percent_statements_covered": 81.81818181818181, "percent_statements_covered_display": "82"}, "missing_lines": [287, 288, 289, 290, 291, 292, 293, 294, 295, 296, 298, 299, 300, 303], "excluded_lines": [10, 18, 29, 37], "start_line": 1}}}, "src/bound/integration.py": {"executed_lines": [1, 3, 4, 6, 8, 9, 10, 11, 16, 18, 28, 36, 55, 57, 58, 59, 62, 75, 98, 119, 191], "summary": {"covered_lines": 21, "num_statements": 53, "percent_covered": 39.62264150943396, "percent_covered_display": "40", "missing_lines": 32, "excluded_lines": 2, "percent_statements_covered": 39.62264150943396, "percent_statements_covered_display": "40"}, "missing_lines": [72, 90, 91, 113, 114, 143, 144, 145, 146, 148, 149, 157, 158, 159, 163, 164, 167, 168, 170, 171, 179, 180, 185, 186, 187, 188, 241, 242, 251, 252, 253, 259], "excluded_lines": [13, 14], "functions": {"_passed_check_ids": {"executed_lines": [], "summary": {"covered_lines": 0, "num_statements": 1, "percent_covered": 0.0, "percent_covered_display": "0", "missing_lines": 1, "excluded_lines": 0, "percent_statements_covered": 0.0, "percent_statements_covered_display": "0"}, "missing_lines": [72], "excluded_lines": [], "start_line": 62}, "_failed_required_checks": {"executed_lines": [], "summary": {"covered_lines": 0, "num_statements": 2, "percent_covered": 0.0, "percent_covered_display": "0", "missing_lines": 2, "excluded_lines": 0, "percent_statements_covered": 0.0, "percent_statements_covered_display": "0"}, "missing_lines": [90, 91], "excluded_lines": [], "start_line": 75}, "_violated_risk_checks": {"executed_lines": [], "summary": {"covered_lines": 0, "num_statements": 2, "percent_covered": 0.0, "percent_covered_display": "0", "missing_lines": 2, "excluded_lines": 0, "percent_statements_covered": 0.0, "percent_statements_covered_display": "0"}, "missing_lines": [113, 114], "excluded_lines": [], "start_line": 98}, "render_feedback": {"executed_lines": [], "summary": {"covered_lines": 0, "num_statements": 21, "percent_covered": 0.0, "percent_covered_display": "0
[...]
s": [479, 483, 484, 485, 486, 487], "summary": {"covered_lines": 6, "num_statements": 6, "percent_covered": 100.0, "percent_covered_display": "100", "missing_lines": 0, "excluded_lines": 0, "percent_statements_covered": 100.0, "percent_statements_covered_display": "100"}, "missing_lines": [], "excluded_lines": [], "start_line": 477}, "TestPytestCollector.test_zero_tests_no_proven_pass": {"executed_lines": [492, 493, 494, 495, 496, 497], "summary": {"covered_lines": 6, "num_statements": 6, "percent_covered": 100.0, "percent_covered_display": "100", "missing_lines": 0, "excluded_lines": 0, "percent_statements_covered": 100.0, "percent_statements_covered_display": "100"}, "missing_lines": [], "excluded_lines": [], "start_line": 489}, "TestPytestCollector.test_timeout_invalid_not_pass": {"executed_lines": [501, 506, 517, 518, 519, 520, 521], "summary": {"covered_lines": 7, "num_statements": 7, "percent_covered": 100.0, "percent_covered_display": "100", "missing_lines": 0, "excluded_lines": 0, "percent_statements_covered": 100.0, "percent_statements_covered_display": "100"}, "missing_lines": [], "excluded_lines": [], "start_line": 499}, "TestPytestCollector.test_collector_crash_invalid": {"executed_lines": [525, 528, 529, 530, 531, 532], "summary": {"covered_lines": 6, "num_statements": 6, "percent_covered": 100.0, "percent_covered_display": "100", "missing_lines": 0, "excluded_lines": 0, "percent_statements_covered": 100.0, "percent_statements_covered_display": "100"}, "missing_lines": [], "excluded_lines": [], "start_line": 523}, "TestJUnitCollector._junit": {"executed_lines": [544], "summary": {"covered_lines": 1, "num_statements": 1, "percent_covered": 100.0, "percent_covered_display": "100", "missing_lines": 0, "excluded_lines": 0, "percent_statements_covered": 100.0, "percent_statements_covered_display": "100"}, "missing_lines": [], "excluded_lines": [], "start_line": 541}, "TestJUnitCollector.test_passing_artefact_verified": {"executed_lines": [553, 554, 555, 556, 557, 558, 559, 560, 561], "summary": {"covered_lines": 9, "num_statements": 9, "percent_covered": 100.0, "percent_covered_display": "100", "missing_lines": 0, "excluded_lines": 0, "percent_statements_covered": 100.0, "percent_statements_covered_display": "100"}, "missing_lines": [], "excluded_lines": [], "start_line": 551}, "TestJUnitCollector.test_failures_verified_failure": {"executed_lines": [565, 566, 567, 568, 569, 570], "summary": {"covered_lines": 6, "num_statements": 6, "percent_covered": 100.0, "percent_covered_display": "100", "missing_lines": 0, "excluded_lines": 0, "percent_statements_covered": 100.0, "percent_statements_covered_display": "100"}, "missing_lines": [], "excluded_lines": [], "start_line": 563}, "TestJUnitCollector.test_errors_verified_failure": {"executed_lines": [574, 575, 576, 577, 578], "summary": {"covered_lines": 5, "num_statements": 5, "percent_covered": 100.0, "percent_covered_display": "100", "missing_lines": 0, "excluded_lines": 0, "percent_statements_covered": 100.0, "percent_statements_covered_display": "100"}, "missing_lines": [], "excluded_lines": [], "start_line": 572}, "TestJUnitCollector.test_zero_tests_no_proven_pass": {"executed_lines": [582, 583, 584, 585, 586, 587], "summary": {"covered_lines": 6, "num_statements": 6, "percent_covered": 100.0, "percent_covered_display": "100", "missing_lines": 0, "excluded_lines": 0, "percent_statements_covered": 100.0, "percent_statements_covered_display": "100"}, "missing_lines": [], "excluded_lines": [], "start_line": 580}, "TestJUnitCollector.test_stale_artefact_invalid": {"executed_lines": [591, 592, 593, 594, 595, 596, 597], "summary": {"covered_lines": 7, "num_statements": 7, "percent_covered": 100.0, "percent_covered_display": "100", "missing_lines": 0, "excluded_lines": 0, "percent_statements_covered": 100.0, "percent_statements_covered_display": "100"}, "missing_lines": [], "excluded_lines": [], "start_line": 589}, "TestJUnitCollector.test_fresh_artefact_accepted": {"executed_lines": [601, 602, 603, 604, 605, 606], "summary": {"covered_lines": 6, "num_statements": 6, "percent_covered": 100.0, "percent_covered_display": "100", "missing_lines": 0, "excluded_lines": 0, "percent_statements_covered": 100.0, "percent_statements_covered_display": "100"}, "missing_lines": [], "excluded_lines": [], "start_line": 599}, "TestJUnitCollector.test_missing_artefact_missing": {"executed_lines": [610, 611, 612, 613], "summary": {"covered_lines": 4, "num_statements": 4, "percent_covered": 100.0, "percent_covered_display": "100", "missing_lines": 0, "excluded_lines": 0, "percent_statements_covered": 100.0, "percent_statements_covered_display": "100"}, "missing_lines": [], "excluded_lines": [], "start_line": 608}, "TestJUnitCollector.test_oversized_artefact_invalid": {"executed_lines": [617, 618, 619, 620, 621, 622], "summary": {"covered_lines": 6, "num_statements": 6, "percent_covered": 100.0, "percent_covered_display": "100", "missing_lines": 0, "excluded_lines": 0, "percent_statements_covered": 100.0, "percent_statements_covered_display": "100"}, "missing_lines": [], "excluded_lines": [], "start_line": 615}, "TestJUnitCollector.test_malformed_xml_invalid": {"executed_lines": [626, 627, 628, 629, 630, 631], "summary": {"covered_lines": 6, "num_statements": 6, "percent_covered": 100.0, "percent_covered_display": "100", "missing_lines": 0, "excluded_lines": 0, "percent_statements_covered": 100.0, "percent_statements_covered_display": "100"}, "missing_lines": [], "excluded_lines": [], "start_line": 624}, "TestJUnitCollector.test_testsuites_root_parsed": {"executed_lines": [635, 636, 642, 643, 644], "summary": {"covered_lines": 5, "num_statements": 5, "percent_covered": 100.0, "percent_covered_display": "100", "missing_lines": 0, "excluded_lines": 0, "percent_statements_covered": 100.0, "percent_statements_covered_display": "100"}, "missing_lines": [], "excluded_lines": [], "start_line": 633}, "_git": {"executed_lines": [651, 653], "summary": {"covered_lines": 2, "num_statements": 2, "percent_covered": 100.0, "percent_covered_display": "100", "missing_lines": 0, "excluded_lines": 0, "percent_statements_covered": 100.0, "percent_statements_covered_display": "100"}, "missing_lines": [], "excluded_lines": [], "start_line": 649}, "_make_repo": {"executed_lines": [664, 665, 666, 667, 668, 669, 670, 671, 672, 673], "summary": {"covered_lines": 10, "num_statements": 10, "percent_covered": 100.0, "percent_covered_display": "100", "missing_lines": 0, "excluded_lines": 0, "percent_statements_covered": 100.0, "percent_statements_covered_display": "100"}, "missing_lines": [], "excluded_lines": [], "start_line": 662}, "TestGitCollector._collector": {"executed_lines": [680, 683], "summary": {"covered_lines": 2, "num_statements": 2, "percent_covered": 100.0, "percent_covered_display": "100", "missing_lines": 0, "excluded_lines": 0, "percent_statements_covered": 100.0, "percent_statements_covered_display": "100"}, "missing_lines": [], "excluded_lines": [], "start_line": 679}, "TestGitCollector.test_clean_tree_verified": {"executed_lines": [689, 690, 691, 692, 693, 694], "summary": {"covered_lines": 6, "num_statements": 6, "percent_covered": 100.0, "percent_covered_display": "100", "missing_lines": 0, "excluded_lines": 0, "percent_statements_covered": 100.0, "percent_statements_covered_display": "100"}, "missing_lines": [], "excluded_lines": [], "start_line": 687}, "TestGitCollector.test_unexpected_path_failed": {"executed_lines": [698, 699, 700, 703, 704, 705], "summary": {"covered_lines": 6, "num_statements": 6, "percent_covered": 100.0, "percent_covered_display": "100", "missing_lines": 0, "excluded_lines": 0, "percent_statements_covered": 100.0, "percent_statements_covered_display": "100"}, "missing_lines": [], "excluded_lines": [], "start_line": 696}, "TestGitCollector.test_expected_path_still_clean": {"executed_lines": [709, 710, 711, 714, 715], "summary": {"covered_lines": 5, "num_statements": 5, "percent_covered": 100.0, "percent_covered_display": "100", "missing_lines": 0, "excluded_lines": 0, "percent_statements_covered": 100.0, "percent_statements_covered_display": "100"}, "missing_lines": [], "excluded_lines": [], "start_line": 707}, "TestGitCollector.test_non_git_dir_invalid": {"executed_lines": [719, 720, 721, 722], "summary": {"covered_lines": 4, "num_statements": 4, "percent_covered": 100.0, "percent_covered_display": "100", "missing_lines": 0, "excluded_lines": 0, "percent_statements_covered": 100.0, "percent_statements_covered_display": "100"}, "missing_lines": [], "excluded_lines": [], "start_line": 717}, "TestGitCollector.test_timeout_invalid": {"executed_lines": [726, 734, 735, 736, 737, 738], "summary": {"covered_lines": 6, "num_statements": 6, "percent_covered": 100.0, "percent_covered_display": "100", "missing_lines": 0, "excluded_lines": 0, "percent_statements_covered": 100.0, "percent_statements_covered_display": "100"}, "missing_lines": [], "excluded_lines": [], "start_line": 724}, "TestBudgetCollector.test_measured_values_observed": {"executed_lines": [748, 751, 752, 753, 754, 755, 756, 757, 758], "summary": {"covered_lines": 9, "num_statements": 9, "percent_covered": 100.0, "percent_covered_display": "100", "missing_lines": 0, "excluded_lines": 0, "percent_statements_covered": 100.0, "percent_statements_covered_display": "100"}, "missing_lines": [], "excluded_lines": [], "start_line": 746}, "TestBudgetCollector.test_absent_values_missing_not_zero": {"executed_lines": [770, 771, 772, 773, 774], "summary": {"covered_lines": 5, "num_statements": 5, "percent_covered": 100.0, "percent_covered_display": "100", "missing_lines": 0, "excluded_lines": 0, "percent_statements_covered": 100.0, "percent_statements_covered_display": "100"}, "missing_lines": [], "excluded_lines": [], "start_line": 768}, "TestBudgetCollector.test_mixed_measured_and_missing": {"executed_lines": [778, 779, 780, 781, 782], "summary": {"covered_lines": 5, "num_statements": 5, "percent_covered": 100.0, "percent_covered_display": "100", "missing_lines": 0, "excluded_lines": 0, "percent_statements_covered": 100.0, "percent_statements_covered_display": "100"}, "missing_lines": [], "excluded_lines": [], "start_line": 776}, "TestBudgetCollector.test_budget_metrics_extra_forbidden": {"executed_lines": [786, 787], "summary": {"covered_lines": 2, "num_statements": 2, "percent_covered": 100.0, "percent_covered_display": "100", "missing_lines": 0, "excluded_lines": 0, "percent_statements_covered": 100.0, "percent_statements_covered_display": "100"}, "missing_lines": [], "excluded_lines": [], "start_line": 784}, "TestProcessRuntimeCollector._result": {"executed_lines": [801], "summary": {"covered_lines": 1, "num_statements": 1, "percent_covered": 100.0, "percent_covered_display": "100", "missing_lines": 0, "excluded_lines": 0, "percent_statements_covered": 100.0, "percent_statements_covered_display": "100"}, "missing_lines": [], "excluded_lines": [], "start_line": 800}, "TestProcessRuntimeCollector.test_exit_zero_verified_pass": {"executed_lines": [812, 813, 814, 815], "summary": {"covered_lines": 4, "num_statements": 4, "percent_covered": 100.0, "percent_covered_display": "100", "missing_lines": 0, "excluded_lines": 0, "percent_statements_covered": 100.0, "percent_statements_covered_display": "100"}, "missing_lines": [], "excluded_lines": [], "start_line": 810}, "TestProcessRuntimeCollector.test_exit_nonzero_verified_failure": {"executed_lines": [819, 820, 821, 822], "summary": {"covered_lines": 4, "num_statements": 4, "percent_covered": 100.0, "percent_covered_display": "100", "missing_lines": 0, "excluded_lines": 0, "percent_statements_covered": 100.0, "percent_statements_covered_display": "100"}, "missing_lines": [], "excluded_lines": [], "start_line": 817}, "TestProcessRuntimeCollector.test_timeout_invalid_not_pass": {"executed_lines": [826, 827, 828, 829], "summary": {"covered_lines": 4, "num_statements": 4, "percent_covered": 100.0, "percent_covered_display": "100", "missing_lines": 0, "excluded_lines": 0, "percent_statements_covered": 100.0, "percent_statements_covered_display": "100"}, "missing_lines": [], "excluded_lines": [], "start_line": 824}, "TestProcessRuntimeCollector.test_runtime_metric_observed": {"executed_lines": [833, 834, 835, 836, 837], "summary": {"covered_lines": 5, "num_statements": 5, "percent_covered": 100.0, "percent_covered_display": "100", "missing_lines": 0, "excluded_lines": 0, "percent_statements_covered": 100.0, "percent_statements_covered_display": "100"}, "missing_lines": [], "excluded_lines": [], "start_line": 831}, "TestProcessRuntimeCollector.test_check_id_override": {"executed_lines": [841, 844], "summary": {"covered_lines": 2, "num_statements": 2, "percent_covered": 100.0, "percent_covered_display": "100", "missing_lines": 0, "excluded_lines": 0, "percent_statements_covered": 100.0, "percent_statements_covered_display": "100"}, "missing_lines": [], "excluded_lines": [], "start_line": 839}, "": {"executed_lines": [1, 3, 4, 5, 6, 8, 9, 11, 18, 31, 35, 49, 52, 60, 68, 78, 84, 90, 103, 113, 126, 134, 139, 150, 153, 161, 178, 195, 211, 218, 227, 230, 243, 248, 253, 260, 265, 275, 290, 295, 298, 304, 311, 319, 327, 330, 331, 348, 354, 359, 367, 373, 380, 388, 395, 401, 407, 414, 422, 427, 438, 441, 442, 454, 455, 458, 477, 489, 499, 523, 537, 540, 541, 551, 563, 572, 580, 589, 599, 608, 615, 624, 633, 649, 662, 676, 679, 687, 696, 707, 717, 724, 743, 746, 768, 776, 784, 796, 799, 800, 810, 817, 824, 831, 839], "summary": {"covered_lines": 105, "num_statements": 105, "percent_covered": 100.0, "percent_covered_display": "100", "missing_lines": 0, "excluded_lines": 0, "percent_statements_covered": 100.0, "percent_statements_covered_display": "100"}, "missing_lines": [], "excluded_lines": [], "start_line": 1}}, "classes": {"TestParsePytestSummary": {"executed_lines": [54, 55, 56, 58, 62, 63, 64, 65, 66, 70, 71, 72, 74, 75, 76, 80, 81, 82, 86, 87, 88, 92, 95, 96, 97, 98, 99, 100, 101, 105, 106, 109, 115, 122, 123, 124, 136, 137, 141, 142], "summary": {"covered_lines": 40, "num_statements": 40, "percent_covered": 100.0, "percent_covered_display": "100", "missing_lines": 0, "excluded_lines": 0, "percent_statements_covered": 100.0, "percent_statements_covered_display": "100"}, "missing_lines": [], "excluded_lines": [], "start_line": 49}, "TestGitInspection": {"executed_lines": [155, 156, 157, 158, 159, 163, 168, 169, 170, 175, 176, 180, 185, 186, 187, 188, 189, 190, 191, 192, 193, 203, 204, 205, 206, 209, 213, 214, 215, 216, 220, 221], "summary": {"covered_lines": 32, "num_statements": 32, "percent_covered": 100.0, "percent_covered_display": "100", "missing_lines": 0, "excluded_lines": 0, "percent_statements_covered": 100.0, "percent_statements_covered_display": "100"}, "missing_lines": [], "excluded_lines": [], "start_line": 150}, "TestServiceTestEvidence": {"executed_lines": [238, 239, 240, 241, 245, 246, 250, 251, 255, 256, 257, 258, 262, 263, 267, 268, 272, 273, 277, 278], "summary": {"covered_lines": 20, "num_statements": 20, "percent_covered": 100.0, "percent_covered_display": "100", "missing_lines": 0, "excluded_lines": 0, "percent_statements_covered": 100.0, "percent_statements_covered_display": "100"}, "missing_lines": [], "excluded_lines": [], "start_line": 227}, "TestSha256AndRedaction": {"executed_lines": [300, 301, 302, 306, 307, 308, 309, 313, 314, 315, 316, 317, 321], "summary": {"covered_lines": 13, "num_statements": 13, "percent_covered": 100.0, "percent_covered_display": "100", "missing_lines": 0, "excluded_lines": 0, "percent_statements_covered": 100.0, "percent_statements_covered_display": "100"}, "missing_lines": [], "excluded_lines": [], "start_line": 295}, "TestCommandCollector": {"executed_lines": [332, 350, 356, 357, 361, 362, 363, 364, 365, 369, 370, 371, 375, 376, 377, 378, 382, 383, 384, 385, 386, 390, 391, 392, 393, 397, 398, 399, 403, 404, 405, 409, 410, 411, 412, 416, 419, 420, 424, 425, 429, 430], "summary": {"covered_lines": 42, "num_statements": 42, "percent_covered": 100.0, "percent_covered_display": "100", "missing_lines": 0, "excluded_lines": 0, "percent_statements_covered": 100.0, "percent_statements_covered_display": "100"}, "missing_lines": [], "excluded_lines": [], "start_line": 327}, "TestPytestCollector": {"executed_lines": [443, 456, 460, 466, 467, 468, 469, 470, 471, 472, 473, 474, 475, 479, 483, 484, 485, 486, 487, 492, 493, 494, 495, 496, 497, 501, 506, 517, 518, 519, 520, 521, 525, 528, 529, 530, 531, 532], "summary": {"covered_lines": 38, "num_statements": 38, "percent_covered": 100.0, "percent_covered_display": "100", "missing_lines": 0, "excluded_lines": 0, "percent_statements_covered": 100.0, "percent_statements_covered_display": "100"}, "missing_lines": [], "excluded_lines": [], "start_line": 438}, "TestJUnitCollector": {"executed_lines": [544, 553, 554, 555, 556, 557, 558, 559, 560, 561, 565, 566, 567, 568, 569, 570, 574, 575, 576, 577, 578, 582, 583, 584, 585, 586, 587, 591, 592, 593, 594, 595, 596, 597, 601, 602, 603, 604, 605, 606, 610, 611, 612, 613, 617, 618, 619, 620, 621, 622, 626, 627, 628, 629, 630, 631, 635, 636, 642, 643, 644], "summary": {"covered_lines": 61, "num_statements": 61, "percent_covered": 100.0, "percent_covered_display": "100", "missing_lines": 0, "excluded_lines": 0, "percent_statements_covered": 100.0, "percent_statements_covered_display": "100"}, "missing_lines": [], "excluded_lines": [], "start_line": 537}, "TestGitCollector": {"executed_lines": [680, 683, 689, 690, 691, 692, 693, 694, 698, 699, 700, 703, 704, 705, 709, 710, 711, 714, 715, 719, 720, 721, 722, 726, 734, 735, 736, 737, 738], "summary": {"covered_lines": 29, "num_statements": 29, "percent_covered": 100.0, "percent_covered_display": "100", "missing_lines": 0, "excluded_lines": 0, "percent_statements_covered": 100.0, "percent_statements_covered_display": "100"}, "missing_lines": [], "excluded_lines": [], "start_line": 676}, "TestBudgetCollector": {"executed_lines": [748, 751, 752, 753, 754, 755, 756, 757, 758, 770, 771, 772, 773, 774, 778, 779, 780, 781, 782, 786, 787], "summary": {"covered_lines": 21, "num_statements": 21, "percent_covered": 100.0, "percent_covered_display": "100", "missing_lines": 0, "excluded_lines": 0, "percent_statements_covered": 100.0, "percent_statements_covered_display": "100"}, "missing_lines": [], "excluded_lines": [], "start_line": 743}, "TestProcessRuntimeCollector": {"executed_lines": [801, 812, 813, 814, 815, 819, 820, 821, 822, 826, 827, 828, 829, 833, 834, 835, 836, 837, 841, 844], "summary": {"covered_lines": 20, "num_statements": 20, "percent_covered": 100.0, "percent_covered_display": "100", "missing_lines": 0, "excluded_lines": 0, "percent_statements_covered": 100.0, "percent_statements_covered_display": "100"}, "missing_lines": [], "excluded_lines": [], "start_line": 796}, "": {"executed_lines": [1, 3, 4, 5, 6, 8, 9, 11, 18, 31, 35, 49, 52, 60, 68, 78, 84, 90, 103, 113, 126, 134, 139, 150, 153, 161, 178, 195, 211, 218, 227, 230, 243, 248, 253, 260, 265, 275, 290, 292, 295, 298, 304, 311, 319, 327, 330, 331, 348, 354, 359, 367, 373, 380, 388, 395, 401, 407, 414, 422, 427, 438, 441, 442, 454, 455, 458, 477, 489, 499, 523, 537, 540, 541, 551, 563, 572, 580, 589, 599, 608, 615, 624, 633, 649, 651, 653, 662, 664, 665, 666, 667, 668, 669, 670, 671, 672, 673, 676, 679, 687, 696, 707, 717, 724, 743, 746, 768, 776, 784, 796, 799, 800, 810, 817, 824, 831, 839], "summary": {"covered_lines": 118, "num_statements": 118, "percent_covered": 100.0, "percent_covered_display": "100", "missing_lines": 0, "excluded_lines": 0, "percent_statements_covered": 100.0, "percent_statements_covered_display": "100"}, "missing_lines": [], "excluded_lines": [], "start_line": 1}}}}, "totals": {"covered_lines": 1787, "num_statements": 2824, "percent_covered": 63.27903682719547, "percent_covered_display": "63", "missing_lines": 1037, "excluded_lines": 31, "percent_statements_covered": 63.27903682719547, "percent_statements_covered_display": "63"}}